<?xml version="1.0" encoding="UTF-8"?>
<coverage generated="1655559059346" clover="3.2.0">
  <project timestamp="1655559059347" name="All files">
    <metrics statements="97" coveredstatements="62" conditionals="13" coveredconditionals="7" methods="50" coveredmethods="35" elements="160" coveredelements="104" complexity="0" loc="97" ncloc="97" packages="5" files="15" classes="15"/>
    <package name="src">
      <metrics statements="9" coveredstatements="9" conditionals="0" coveredconditionals="0" methods="0" coveredmethods="0"/>
      <file name="App.vue" path="C:\Users\vovix\Desktop\Folder_1\Univ\Xsm\vuejsLab\newFolder\frontend\src\App.vue">
        <metrics statements="7" coveredstatements="7" conditionals="0" coveredconditionals="0" methods="0" coveredmethods="0"/>
        <line num="4" count="486" type="stmt"/>
        <line num="5" count="486" type="stmt"/>
        <line num="6" count="486" type="stmt"/>
        <line num="7" count="486" type="stmt"/>
        <line num="8" count="486" type="stmt"/>
        <line num="9" count="486" type="stmt"/>
        <line num="10" count="486" type="stmt"/>
      </file>
      <file name="api.js" path="C:\Users\vovix\Desktop\Folder_1\Univ\Xsm\vuejsLab\newFolder\frontend\src\api.js">
        <metrics statements="1" coveredstatements="1" conditionals="0" coveredconditionals="0" methods="0" coveredmethods="0"/>
        <line num="3" count="486" type="stmt"/>
      </file>
      <file name="main.js" path="C:\Users\vovix\Desktop\Folder_1\Univ\Xsm\vuejsLab\newFolder\frontend\src\main.js">
        <metrics statements="1" coveredstatements="1" conditionals="0" coveredconditionals="0" methods="0" coveredmethods="0"/>
        <line num="6" count="486" type="stmt"/>
      </file>
    </package>
    <package name="src.components">
      <metrics statements="9" coveredstatements="6" conditionals="0" coveredconditionals="0" methods="9" coveredmethods="6"/>
      <file name="Overview_item.vue" path="C:\Users\vovix\Desktop\Folder_1\Univ\Xsm\vuejsLab\newFolder\frontend\src\components\Overview_item.vue">
        <metrics statements="7" coveredstatements="5" conditionals="0" coveredconditionals="0" methods="7" coveredmethods="5"/>
        <line num="19" count="6" type="stmt"/>
        <line num="29" count="0" type="stmt"/>
        <line num="31" count="0" type="stmt"/>
        <line num="37" count="437" type="stmt"/>
        <line num="40" count="131" type="stmt"/>
        <line num="43" count="131" type="stmt"/>
        <line num="46" count="437" type="stmt"/>
      </file>
      <file name="Upgrades_item.vue" path="C:\Users\vovix\Desktop\Folder_1\Univ\Xsm\vuejsLab\newFolder\frontend\src\components\Upgrades_item.vue">
        <metrics statements="2" coveredstatements="1" conditionals="0" coveredconditionals="0" methods="2" coveredmethods="1"/>
        <line num="24" count="131" type="stmt"/>
        <line num="29" count="0" type="stmt"/>
      </file>
    </package>
    <package name="src.router">
      <metrics statements="2" coveredstatements="2" conditionals="0" coveredconditionals="0" methods="0" coveredmethods="0"/>
      <file name="index.js" path="C:\Users\vovix\Desktop\Folder_1\Univ\Xsm\vuejsLab\newFolder\frontend\src\router\index.js">
        <metrics statements="2" coveredstatements="2" conditionals="0" coveredconditionals="0" methods="0" coveredmethods="0"/>
        <line num="11" count="486" type="stmt"/>
        <line num="55" count="486" type="stmt"/>
      </file>
    </package>
    <package name="src.store">
      <metrics statements="42" coveredstatements="20" conditionals="8" coveredconditionals="5" methods="17" coveredmethods="11"/>
      <file name="index.js" path="C:\Users\vovix\Desktop\Folder_1\Univ\Xsm\vuejsLab\newFolder\frontend\src\store\index.js">
        <metrics statements="42" coveredstatements="20" conditionals="8" coveredconditionals="5" methods="17" coveredmethods="11"/>
        <line num="58" count="2102" type="stmt"/>
        <line num="61" count="5836" type="stmt"/>
        <line num="64" count="131" type="stmt"/>
        <line num="65" count="524" type="cond" truecount="2" falsecount="0"/>
        <line num="66" count="131" type="stmt"/>
        <line num="67" count="131" type="stmt"/>
        <line num="68" count="393" type="cond" truecount="2" falsecount="0"/>
        <line num="69" count="131" type="stmt"/>
        <line num="70" count="131" type="stmt"/>
        <line num="77" count="0" type="stmt"/>
        <line num="78" count="0" type="stmt"/>
        <line num="79" count="0" type="stmt"/>
        <line num="82" count="0" type="stmt"/>
        <line num="83" count="0" type="stmt"/>
        <line num="84" count="0" type="stmt"/>
        <line num="85" count="0" type="stmt"/>
        <line num="86" count="0" type="stmt"/>
        <line num="87" count="0" type="stmt"/>
        <line num="88" count="0" type="stmt"/>
        <line num="91" count="0" type="stmt"/>
        <line num="92" count="0" type="stmt"/>
        <line num="95" count="306" type="stmt"/>
        <line num="96" count="306" type="stmt"/>
        <line num="99" count="0" type="stmt"/>
        <line num="100" count="0" type="stmt"/>
        <line num="103" count="0" type="cond" truecount="0" falsecount="2"/>
        <line num="105" count="0" type="stmt"/>
        <line num="106" count="0" type="stmt"/>
        <line num="107" count="0" type="stmt"/>
        <line num="110" count="0" type="stmt"/>
        <line num="114" count="5399" type="stmt"/>
        <line num="115" count="5399" type="stmt"/>
        <line num="116" count="21596" type="stmt"/>
        <line num="117" count="21596" type="stmt"/>
        <line num="118" count="21596" type="stmt"/>
        <line num="124" count="3" type="stmt"/>
        <line num="125" count="3" type="stmt"/>
        <line num="129" count="0" type="stmt"/>
        <line num="130" count="0" type="stmt"/>
        <line num="132" count="2" type="stmt"/>
        <line num="137" count="9" type="cond" truecount="1" falsecount="1"/>
        <line num="138" count="0" type="stmt"/>
      </file>
    </package>
    <package name="src.views">
      <metrics statements="35" coveredstatements="25" conditionals="5" coveredconditionals="2" methods="24" coveredmethods="18"/>
      <file name="AboutView.vue" path="C:\Users\vovix\Desktop\Folder_1\Univ\Xsm\vuejsLab\newFolder\frontend\src\views\AboutView.vue">
        <metrics statements="5" coveredstatements="5" conditionals="0" coveredconditionals="0" methods="0" coveredmethods="0"/>
        <line num="2" count="72" type="stmt"/>
        <line num="3" count="486" type="stmt"/>
        <line num="4" count="486" type="stmt"/>
        <line num="5" count="486" type="stmt"/>
        <line num="11" count="486" type="stmt"/>
      </file>
      <file name="GameView.vue" path="C:\Users\vovix\Desktop\Folder_1\Univ\Xsm\vuejsLab\newFolder\frontend\src\views\GameView.vue">
        <metrics statements="13" coveredstatements="7" conditionals="3" coveredconditionals="1" methods="8" coveredmethods="4"/>
        <line num="24" count="131" type="cond" truecount="1" falsecount="1"/>
        <line num="27" count="0" type="stmt"/>
        <line num="28" count="0" type="stmt"/>
        <line num="30" count="0" type="stmt"/>
        <line num="37" count="0" type="stmt"/>
        <line num="41" count="5399" type="stmt"/>
        <line num="42" count="5399" type="stmt"/>
        <line num="43" count="5399" type="stmt"/>
        <line num="46" count="5399" type="cond" truecount="0" falsecount="1"/>
        <line num="47" count="0" type="stmt"/>
        <line num="52" count="131" type="stmt"/>
        <line num="53" count="131" type="stmt"/>
        <line num="56" count="0" type="stmt"/>
      </file>
      <file name="LeaderboardView.vue" path="C:\Users\vovix\Desktop\Folder_1\Univ\Xsm\vuejsLab\newFolder\frontend\src\views\LeaderboardView.vue">
        <metrics statements="3" coveredstatements="3" conditionals="0" coveredconditionals="0" methods="4" coveredmethods="4"/>
        <line num="28" count="107" type="stmt"/>
        <line num="33" count="107" type="stmt"/>
        <line num="37" count="107" type="stmt"/>
      </file>
      <file name="LogInView.vue" path="C:\Users\vovix\Desktop\Folder_1\Univ\Xsm\vuejsLab\newFolder\frontend\src\views\LogInView.vue">
        <metrics statements="5" coveredstatements="3" conditionals="0" coveredconditionals="0" methods="4" coveredmethods="3"/>
        <line num="21" count="77" type="stmt"/>
        <line num="30" count="3" type="stmt"/>
        <line num="34" count="0" type="stmt"/>
        <line num="36" count="2" type="stmt"/>
        <line num="37" count="0" type="stmt"/>
      </file>
      <file name="LogOutView.vue" path="C:\Users\vovix\Desktop\Folder_1\Univ\Xsm\vuejsLab\newFolder\frontend\src\views\LogOutView.vue">
        <metrics statements="1" coveredstatements="1" conditionals="0" coveredconditionals="0" methods="2" coveredmethods="2"/>
        <line num="9" count="9" type="stmt"/>
      </file>
      <file name="NotFoundView.vue" path="C:\Users\vovix\Desktop\Folder_1\Univ\Xsm\vuejsLab\newFolder\frontend\src\views\NotFoundView.vue">
        <metrics statements="1" coveredstatements="1" conditionals="0" coveredconditionals="0" methods="0" coveredmethods="0"/>
        <line num="2" count="15" type="stmt"/>
      </file>
      <file name="ProfileView.vue" path="C:\Users\vovix\Desktop\Folder_1\Univ\Xsm\vuejsLab\newFolder\frontend\src\views\ProfileView.vue">
        <metrics statements="5" coveredstatements="3" conditionals="2" coveredconditionals="1" methods="4" coveredmethods="3"/>
        <line num="34" count="18" type="stmt"/>
        <line num="40" count="18" type="stmt"/>
        <line num="45" count="18" type="cond" truecount="1" falsecount="1"/>
        <line num="48" count="0" type="stmt"/>
        <line num="50" count="0" type="stmt"/>
      </file>
      <file name="RegistrationView.vue" path="C:\Users\vovix\Desktop\Folder_1\Univ\Xsm\vuejsLab\newFolder\frontend\src\views\RegistrationView.vue">
        <metrics statements="2" coveredstatements="2" conditionals="0" coveredconditionals="0" methods="2" coveredmethods="2"/>
        <line num="32" count="57" type="stmt"/>
        <line num="45" count="2" type="stmt"/>
      </file>
    </package>
  </project>
</coverage>
