{"total": {"lines":{"total":97,"covered":62,"skipped":0,"pct":63.91},"statements":{"total":98,"covered":63,"skipped":0,"pct":64.28},"functions":{"total":50,"covered":35,"skipped":0,"pct":70},"branches":{"total":13,"covered":7,"skipped":0,"pct":53.84},"branchesTrue":{"total":0,"covered":0,"skipped":0,"pct":100}}
,"C:\\Users\\vovix\\Desktop\\Folder_1\\Univ\\Xsm\\vuejsLab\\newFolder\\frontend\\src\\App.vue": {"lines":{"total":7,"covered":7,"skipped":0,"pct":100},"functions":{"total":0,"covered":0,"skipped":0,"pct":100},"statements":{"total":7,"covered":7,"skipped":0,"pct":100},"branches":{"total":0,"covered":0,"skipped":0,"pct":100}}
,"C:\\Users\\vovix\\Desktop\\Folder_1\\Univ\\Xsm\\vuejsLab\\newFolder\\frontend\\src\\api.js": {"lines":{"total":1,"covered":1,"skipped":0,"pct":100},"functions":{"total":0,"covered":0,"skipped":0,"pct":100},"statements":{"total":1,"covered":1,"skipped":0,"pct":100},"branches":{"total":0,"covered":0,"skipped":0,"pct":100}}
,"C:\\Users\\vovix\\Desktop\\Folder_1\\Univ\\Xsm\\vuejsLab\\newFolder\\frontend\\src\\main.js": {"lines":{"total":1,"covered":1,"skipped":0,"pct":100},"functions":{"total":0,"covered":0,"skipped":0,"pct":100},"statements":{"total":1,"covered":1,"skipped":0,"pct":100},"branches":{"total":0,"covered":0,"skipped":0,"pct":100}}
,"C:\\Users\\vovix\\Desktop\\Folder_1\\Univ\\Xsm\\vuejsLab\\newFolder\\frontend\\src\\components\\Overview_item.vue": {"lines":{"total":7,"covered":5,"skipped":0,"pct":71.42},"functions":{"total":7,"covered":5,"skipped":0,"pct":71.42},"statements":{"total":7,"covered":5,"skipped":0,"pct":71.42},"branches":{"total":0,"covered":0,"skipped":0,"pct":100}}
,"C:\\Users\\vovix\\Desktop\\Folder_1\\Univ\\Xsm\\vuejsLab\\newFolder\\frontend\\src\\components\\Upgrades_item.vue": {"lines":{"total":2,"covered":1,"skipped":0,"pct":50},"functions":{"total":2,"covered":1,"skipped":0,"pct":50},"statements":{"total":2,"covered":1,"skipped":0,"pct":50},"branches":{"total":0,"covered":0,"skipped":0,"pct":100}}
,"C:\\Users\\vovix\\Desktop\\Folder_1\\Univ\\Xsm\\vuejsLab\\newFolder\\frontend\\src\\router\\index.js": {"lines":{"total":2,"covered":2,"skipped":0,"pct":100},"functions":{"total":0,"covered":0,"skipped":0,"pct":100},"statements":{"total":2,"covered":2,"skipped":0,"pct":100},"branches":{"total":0,"covered":0,"skipped":0,"pct":100}}
,"C:\\Users\\vovix\\Desktop\\Folder_1\\Univ\\Xsm\\vuejsLab\\newFolder\\frontend\\src\\store\\index.js": {"lines":{"total":42,"covered":20,"skipped":0,"pct":47.61},"functions":{"total":17,"covered":11,"skipped":0,"pct":64.7},"statements":{"total":42,"covered":20,"skipped":0,"pct":47.61},"branches":{"total":8,"covered":5,"skipped":0,"pct":62.5}}
,"C:\\Users\\vovix\\Desktop\\Folder_1\\Univ\\Xsm\\vuejsLab\\newFolder\\frontend\\src\\views\\AboutView.vue": {"lines":{"total":5,"covered":5,"skipped":0,"pct":100},"functions":{"total":0,"covered":0,"skipped":0,"pct":100},"statements":{"total":5,"covered":5,"skipped":0,"pct":100},"branches":{"total":0,"covered":0,"skipped":0,"pct":100}}
,"C:\\Users\\vovix\\Desktop\\Folder_1\\Univ\\Xsm\\vuejsLab\\newFolder\\frontend\\src\\views\\GameView.vue": {"lines":{"total":13,"covered":7,"skipped":0,"pct":53.84},"functions":{"total":8,"covered":4,"skipped":0,"pct":50},"statements":{"total":13,"covered":7,"skipped":0,"pct":53.84},"branches":{"total":3,"covered":1,"skipped":0,"pct":33.33}}
,"C:\\Users\\vovix\\Desktop\\Folder_1\\Univ\\Xsm\\vuejsLab\\newFolder\\frontend\\src\\views\\LeaderboardView.vue": {"lines":{"total":3,"covered":3,"skipped":0,"pct":100},"functions":{"total":4,"covered":4,"skipped":0,"pct":100},"statements":{"total":4,"covered":4,"skipped":0,"pct":100},"branches":{"total":0,"covered":0,"skipped":0,"pct":100}}
,"C:\\Users\\vovix\\Desktop\\Folder_1\\Univ\\Xsm\\vuejsLab\\newFolder\\frontend\\src\\views\\LogInView.vue": {"lines":{"total":5,"covered":3,"skipped":0,"pct":60},"functions":{"total":4,"covered":3,"skipped":0,"pct":75},"statements":{"total":5,"covered":3,"skipped":0,"pct":60},"branches":{"total":0,"covered":0,"skipped":0,"pct":100}}
,"C:\\Users\\vovix\\Desktop\\Folder_1\\Univ\\Xsm\\vuejsLab\\newFolder\\frontend\\src\\views\\LogOutView.vue": {"lines":{"total":1,"covered":1,"skipped":0,"pct":100},"functions":{"total":2,"covered":2,"skipped":0,"pct":100},"statements":{"total":1,"covered":1,"skipped":0,"pct":100},"branches":{"total":0,"covered":0,"skipped":0,"pct":100}}
,"C:\\Users\\vovix\\Desktop\\Folder_1\\Univ\\Xsm\\vuejsLab\\newFolder\\frontend\\src\\views\\NotFoundView.vue": {"lines":{"total":1,"covered":1,"skipped":0,"pct":100},"functions":{"total":0,"covered":0,"skipped":0,"pct":100},"statements":{"total":1,"covered":1,"skipped":0,"pct":100},"branches":{"total":0,"covered":0,"skipped":0,"pct":100}}
,"C:\\Users\\vovix\\Desktop\\Folder_1\\Univ\\Xsm\\vuejsLab\\newFolder\\frontend\\src\\views\\ProfileView.vue": {"lines":{"total":5,"covered":3,"skipped":0,"pct":60},"functions":{"total":4,"covered":3,"skipped":0,"pct":75},"statements":{"total":5,"covered":3,"skipped":0,"pct":60},"branches":{"total":2,"covered":1,"skipped":0,"pct":50}}
,"C:\\Users\\vovix\\Desktop\\Folder_1\\Univ\\Xsm\\vuejsLab\\newFolder\\frontend\\src\\views\\RegistrationView.vue": {"lines":{"total":2,"covered":2,"skipped":0,"pct":100},"functions":{"total":2,"covered":2,"skipped":0,"pct":100},"statements":{"total":2,"covered":2,"skipped":0,"pct":100},"branches":{"total":0,"covered":0,"skipped":0,"pct":100}}
}
