{"C:\\Users\\vovix\\Desktop\\Folder_1\\Univ\\Xsm\\vuejsLab\\newFolder\\frontend\\src\\App.vue": {"path":"C:\\Users\\vovix\\Desktop\\Folder_1\\Univ\\Xsm\\vuejsLab\\newFolder\\frontend\\src\\App.vue","statementMap":{"0":{"start":{"line":4,"column":44},"end":{"line":4,"column":62}},"1":{"start":{"line":5,"column":51},"end":{"line":5,"column":76}},"2":{"start":{"line":6,"column":48},"end":{"line":6,"column":71}},"3":{"start":{"line":7,"column":84},"end":{"line":7,"column":104}},"4":{"start":{"line":8,"column":91},"end":{"line":8,"column":117}},"5":{"start":{"line":9,"column":85},"end":{"line":9,"column":106}},"6":{"start":{"line":10,"column":84},"end":{"line":10,"column":105}}},"fnMap":{},"branchMap":{},"s":{"0":486,"1":486,"2":486,"3":486,"4":486,"5":486,"6":486},"f":{},"b":{}}
,"C:\\Users\\vovix\\Desktop\\Folder_1\\Univ\\Xsm\\vuejsLab\\newFolder\\frontend\\src\\api.js": {"path":"C:\\Users\\vovix\\Desktop\\Folder_1\\Univ\\Xsm\\vuejsLab\\newFolder\\frontend\\src\\api.js","statementMap":{"0":{"start":{"line":3,"column":15},"end":{"line":6,"column":2}}},"fnMap":{},"branchMap":{},"s":{"0":486},"f":{},"b":{},"_coverageSchema":"1a1c01bbd47fc00a2c39e90264f33305004495a9","hash":"8c383a0810557945f538ca122f6247da613a1ed2"}
,"C:\\Users\\vovix\\Desktop\\Folder_1\\Univ\\Xsm\\vuejsLab\\newFolder\\frontend\\src\\main.js": {"path":"C:\\Users\\vovix\\Desktop\\Folder_1\\Univ\\Xsm\\vuejsLab\\newFolder\\frontend\\src\\main.js","statementMap":{"0":{"start":{"line":6,"column":0},"end":{"line":6,"column":51}}},"fnMap":{},"branchMap":{},"s":{"0":486},"f":{},"b":{},"_coverageSchema":"1a1c01bbd47fc00a2c39e90264f33305004495a9","hash":"bba0e208e2d777a0d2617a42c8c3c582a4c06b61"}
,"C:\\Users\\vovix\\Desktop\\Folder_1\\Univ\\Xsm\\vuejsLab\\newFolder\\frontend\\src\\components\\Overview_item.vue": {"path":"C:\\Users\\vovix\\Desktop\\Folder_1\\Univ\\Xsm\\vuejsLab\\newFolder\\frontend\\src\\components\\Overview_item.vue","statementMap":{"0":{"start":{"line":19,"column":16},"end":{"line":32,"column":null}},"1":{"start":{"line":29,"column":20},"end":{"line":29,"column":null}},"2":{"start":{"line":31,"column":20},"end":{"line":31,"column":null}},"3":{"start":{"line":37,"column":16},"end":{"line":37,"column":null}},"4":{"start":{"line":40,"column":16},"end":{"line":40,"column":null}},"5":{"start":{"line":43,"column":16},"end":{"line":43,"column":null}},"6":{"start":{"line":46,"column":16},"end":{"line":46,"column":null}}},"fnMap":{"0":{"name":"(anonymous_0)","decl":{"start":{"line":18,"column":12},"end":{"line":18,"column":13}},"loc":{"start":{"line":18,"column":24},"end":{"line":33,"column":null}}},"1":{"name":"(anonymous_1)","decl":{"start":{"line":28,"column":96},"end":{"line":28,"column":97}},"loc":{"start":{"line":28,"column":108},"end":{"line":30,"column":17}}},"2":{"name":"(anonymous_2)","decl":{"start":{"line":30,"column":25},"end":{"line":30,"column":26}},"loc":{"start":{"line":30,"column":34},"end":{"line":32,"column":17}}},"3":{"name":"(anonymous_3)","decl":{"start":{"line":36,"column":12},"end":{"line":36,"column":13}},"loc":{"start":{"line":36,"column":21},"end":{"line":38,"column":13}}},"4":{"name":"(anonymous_4)","decl":{"start":{"line":39,"column":12},"end":{"line":39,"column":13}},"loc":{"start":{"line":39,"column":19},"end":{"line":41,"column":13}}},"5":{"name":"(anonymous_5)","decl":{"start":{"line":42,"column":12},"end":{"line":42,"column":13}},"loc":{"start":{"line":42,"column":21},"end":{"line":44,"column":13}}},"6":{"name":"(anonymous_6)","decl":{"start":{"line":45,"column":12},"end":{"line":45,"column":13}},"loc":{"start":{"line":45,"column":33},"end":{"line":47,"column":null}}}},"branchMap":{},"s":{"0":6,"1":0,"2":0,"3":437,"4":131,"5":131,"6":437},"f":{"0":6,"1":0,"2":0,"3":437,"4":131,"5":131,"6":437},"b":{}}
,"C:\\Users\\vovix\\Desktop\\Folder_1\\Univ\\Xsm\\vuejsLab\\newFolder\\frontend\\src\\components\\Upgrades_item.vue": {"path":"C:\\Users\\vovix\\Desktop\\Folder_1\\Univ\\Xsm\\vuejsLab\\newFolder\\frontend\\src\\components\\Upgrades_item.vue","statementMap":{"0":{"start":{"line":24,"column":12},"end":{"line":24,"column":null}},"1":{"start":{"line":29,"column":12},"end":{"line":32,"column":null}}},"fnMap":{"0":{"name":"(anonymous_0)","decl":{"start":{"line":23,"column":8},"end":{"line":23,"column":9}},"loc":{"start":{"line":23,"column":25},"end":{"line":25,"column":null}}},"1":{"name":"(anonymous_1)","decl":{"start":{"line":28,"column":8},"end":{"line":28,"column":9}},"loc":{"start":{"line":28,"column":27},"end":{"line":33,"column":null}}}},"branchMap":{},"s":{"0":131,"1":0},"f":{"0":131,"1":0},"b":{}}
,"C:\\Users\\vovix\\Desktop\\Folder_1\\Univ\\Xsm\\vuejsLab\\newFolder\\frontend\\src\\router\\index.js": {"path":"C:\\Users\\vovix\\Desktop\\Folder_1\\Univ\\Xsm\\vuejsLab\\newFolder\\frontend\\src\\router\\index.js","statementMap":{"0":{"start":{"line":11,"column":15},"end":{"line":53,"column":1}},"1":{"start":{"line":55,"column":15},"end":{"line":58,"column":2}}},"fnMap":{},"branchMap":{},"s":{"0":486,"1":486},"f":{},"b":{},"_coverageSchema":"1a1c01bbd47fc00a2c39e90264f33305004495a9","hash":"f4b610e312b664c6247bbecd248508a55395fedc"}
,"C:\\Users\\vovix\\Desktop\\Folder_1\\Univ\\Xsm\\vuejsLab\\newFolder\\frontend\\src\\store\\index.js": {"path":"C:\\Users\\vovix\\Desktop\\Folder_1\\Univ\\Xsm\\vuejsLab\\newFolder\\frontend\\src\\store\\index.js","statementMap":{"0":{"start":{"line":58,"column":6},"end":{"line":58,"column":38}},"1":{"start":{"line":61,"column":6},"end":{"line":61,"column":67}},"2":{"start":{"line":64,"column":6},"end":{"line":72,"column":9}},"3":{"start":{"line":65,"column":8},"end":{"line":71,"column":9}},"4":{"start":{"line":66,"column":10},"end":{"line":66,"column":35}},"5":{"start":{"line":67,"column":10},"end":{"line":67,"column":25}},"6":{"start":{"line":68,"column":15},"end":{"line":71,"column":9}},"7":{"start":{"line":69,"column":10},"end":{"line":69,"column":34}},"8":{"start":{"line":70,"column":10},"end":{"line":70,"column":25}},"9":{"start":{"line":77,"column":6},"end":{"line":77,"column":32}},"10":{"start":{"line":78,"column":6},"end":{"line":78,"column":34}},"11":{"start":{"line":79,"column":6},"end":{"line":79,"column":31}},"12":{"start":{"line":82,"column":6},"end":{"line":82,"column":31}},"13":{"start":{"line":83,"column":6},"end":{"line":83,"column":42}},"14":{"start":{"line":84,"column":6},"end":{"line":84,"column":31}},"15":{"start":{"line":85,"column":6},"end":{"line":85,"column":56}},"16":{"start":{"line":86,"column":6},"end":{"line":86,"column":56}},"17":{"start":{"line":87,"column":6},"end":{"line":87,"column":56}},"18":{"start":{"line":88,"column":6},"end":{"line":88,"column":56}},"19":{"start":{"line":91,"column":8},"end":{"line":91,"column":32}},"20":{"start":{"line":92,"column":8},"end":{"line":92,"column":33}},"21":{"start":{"line":95,"column":6},"end":{"line":95,"column":31}},"22":{"start":{"line":96,"column":6},"end":{"line":96,"column":36}},"23":{"start":{"line":99,"column":6},"end":{"line":99,"column":27}},"24":{"start":{"line":100,"column":6},"end":{"line":100,"column":54}},"25":{"start":{"line":103,"column":6},"end":{"line":111,"column":7}},"26":{"start":{"line":105,"column":8},"end":{"line":105,"column":50}},"27":{"start":{"line":106,"column":8},"end":{"line":106,"column":49}},"28":{"start":{"line":107,"column":8},"end":{"line":108,"column":42}},"29":{"start":{"line":110,"column":8},"end":{"line":110,"column":37}},"30":{"start":{"line":114,"column":6},"end":{"line":114,"column":20}},"31":{"start":{"line":115,"column":6},"end":{"line":119,"column":8}},"32":{"start":{"line":116,"column":8},"end":{"line":116,"column":54}},"33":{"start":{"line":117,"column":8},"end":{"line":117,"column":61}},"34":{"start":{"line":118,"column":6},"end":{"line":118,"column":64}},"35":{"start":{"line":124,"column":8},"end":{"line":134,"column":10}},"36":{"start":{"line":125,"column":12},"end":{"line":133,"column":14}},"37":{"start":{"line":129,"column":16},"end":{"line":129,"column":157}},"38":{"start":{"line":130,"column":16},"end":{"line":130,"column":25}},"39":{"start":{"line":132,"column":16},"end":{"line":132,"column":27}},"40":{"start":{"line":137,"column":8},"end":{"line":139,"column":9}},"41":{"start":{"line":138,"column":12},"end":{"line":138,"column":42}}},"fnMap":{"0":{"name":"(anonymous_0)","decl":{"start":{"line":57,"column":4},"end":{"line":57,"column":5}},"loc":{"start":{"line":57,"column":23},"end":{"line":59,"column":5}},"line":57},"1":{"name":"(anonymous_1)","decl":{"start":{"line":60,"column":23},"end":{"line":60,"column":24}},"loc":{"start":{"line":60,"column":32},"end":{"line":62,"column":5}},"line":60},"2":{"name":"(anonymous_2)","decl":{"start":{"line":63,"column":23},"end":{"line":63,"column":24}},"loc":{"start":{"line":63,"column":32},"end":{"line":73,"column":5}},"line":63},"3":{"name":"(anonymous_3)","decl":{"start":{"line":64,"column":35},"end":{"line":64,"column":36}},"loc":{"start":{"line":64,"column":46},"end":{"line":72,"column":7}},"line":64},"4":{"name":"(anonymous_4)","decl":{"start":{"line":76,"column":4},"end":{"line":76,"column":5}},"loc":{"start":{"line":76,"column":55},"end":{"line":80,"column":5}},"line":76},"5":{"name":"(anonymous_5)","decl":{"start":{"line":81,"column":4},"end":{"line":81,"column":5}},"loc":{"start":{"line":81,"column":32},"end":{"line":89,"column":5}},"line":81},"6":{"name":"(anonymous_6)","decl":{"start":{"line":90,"column":4},"end":{"line":90,"column":5}},"loc":{"start":{"line":90,"column":25},"end":{"line":93,"column":5}},"line":90},"7":{"name":"(anonymous_7)","decl":{"start":{"line":94,"column":20},"end":{"line":94,"column":21}},"loc":{"start":{"line":94,"column":42},"end":{"line":97,"column":5}},"line":94},"8":{"name":"(anonymous_8)","decl":{"start":{"line":98,"column":13},"end":{"line":98,"column":14}},"loc":{"start":{"line":98,"column":22},"end":{"line":101,"column":5}},"line":98},"9":{"name":"(anonymous_9)","decl":{"start":{"line":102,"column":16},"end":{"line":102,"column":17}},"loc":{"start":{"line":102,"column":44},"end":{"line":112,"column":5}},"line":102},"10":{"name":"(anonymous_10)","decl":{"start":{"line":113,"column":20},"end":{"line":113,"column":21}},"loc":{"start":{"line":113,"column":29},"end":{"line":120,"column":5}},"line":113},"11":{"name":"(anonymous_11)","decl":{"start":{"line":115,"column":29},"end":{"line":115,"column":30}},"loc":{"start":{"line":115,"column":40},"end":{"line":119,"column":7}},"line":115},"12":{"name":"(anonymous_12)","decl":{"start":{"line":123,"column":4},"end":{"line":123,"column":5}},"loc":{"start":{"line":123,"column":41},"end":{"line":135,"column":5}},"line":123},"13":{"name":"(anonymous_13)","decl":{"start":{"line":124,"column":27},"end":{"line":124,"column":28}},"loc":{"start":{"line":124,"column":48},"end":{"line":134,"column":9}},"line":124},"14":{"name":"(anonymous_14)","decl":{"start":{"line":128,"column":20},"end":{"line":128,"column":21}},"loc":{"start":{"line":128,"column":32},"end":{"line":131,"column":13}},"line":128},"15":{"name":"(anonymous_15)","decl":{"start":{"line":131,"column":21},"end":{"line":131,"column":22}},"loc":{"start":{"line":131,"column":28},"end":{"line":133,"column":13}},"line":131},"16":{"name":"(anonymous_16)","decl":{"start":{"line":136,"column":4},"end":{"line":136,"column":5}},"loc":{"start":{"line":136,"column":25},"end":{"line":140,"column":5}},"line":136}},"branchMap":{"0":{"loc":{"start":{"line":65,"column":8},"end":{"line":71,"column":9}},"type":"if","locations":[{"start":{"line":65,"column":8},"end":{"line":71,"column":9}},{"start":{"line":68,"column":15},"end":{"line":71,"column":9}}],"line":65},"1":{"loc":{"start":{"line":68,"column":15},"end":{"line":71,"column":9}},"type":"if","locations":[{"start":{"line":68,"column":15},"end":{"line":71,"column":9}},{"start":{},"end":{}}],"line":68},"2":{"loc":{"start":{"line":103,"column":6},"end":{"line":111,"column":7}},"type":"if","locations":[{"start":{"line":103,"column":6},"end":{"line":111,"column":7}},{"start":{"line":109,"column":13},"end":{"line":111,"column":7}}],"line":103},"3":{"loc":{"start":{"line":137,"column":8},"end":{"line":139,"column":9}},"type":"if","locations":[{"start":{"line":137,"column":8},"end":{"line":139,"column":9}},{"start":{},"end":{}}],"line":137}},"s":{"0":2102,"1":5836,"2":131,"3":524,"4":131,"5":131,"6":393,"7":131,"8":131,"9":0,"10":0,"11":0,"12":0,"13":0,"14":0,"15":0,"16":0,"17":0,"18":0,"19":0,"20":0,"21":306,"22":306,"23":0,"24":0,"25":0,"26":0,"27":0,"28":0,"29":0,"30":5399,"31":5399,"32":21596,"33":21596,"34":21596,"35":3,"36":3,"37":0,"38":0,"39":2,"40":9,"41":0},"f":{"0":2102,"1":5836,"2":131,"3":524,"4":0,"5":0,"6":0,"7":306,"8":0,"9":0,"10":5399,"11":21596,"12":3,"13":3,"14":0,"15":2,"16":9},"b":{"0":[131,393],"1":[131,262],"2":[0,0],"3":[0,9]},"_coverageSchema":"1a1c01bbd47fc00a2c39e90264f33305004495a9","hash":"92d5fb4c767c5963c00b2d2845e6991ed2523064"}
,"C:\\Users\\vovix\\Desktop\\Folder_1\\Univ\\Xsm\\vuejsLab\\newFolder\\frontend\\src\\views\\AboutView.vue": {"path":"C:\\Users\\vovix\\Desktop\\Folder_1\\Univ\\Xsm\\vuejsLab\\newFolder\\frontend\\src\\views\\AboutView.vue","statementMap":{"0":{"start":{"line":3,"column":4},"end":{"line":3,"column":18}},"1":{"start":{"line":4,"column":4},"end":{"line":4,"column":34}},"2":{"start":{"line":5,"column":4},"end":{"line":10,"column":8}},"3":{"start":{"line":11,"column":4},"end":{"line":11,"column":42}},"4":{"start":{"line":2,"column":2},"end":{"line":12,"column":null}}},"fnMap":{},"branchMap":{},"s":{"0":486,"1":486,"2":486,"3":486,"4":72},"f":{},"b":{}}
,"C:\\Users\\vovix\\Desktop\\Folder_1\\Univ\\Xsm\\vuejsLab\\newFolder\\frontend\\src\\views\\GameView.vue": {"path":"C:\\Users\\vovix\\Desktop\\Folder_1\\Univ\\Xsm\\vuejsLab\\newFolder\\frontend\\src\\views\\GameView.vue","statementMap":{"0":{"start":{"line":24,"column":4},"end":{"line":32,"column":null}},"1":{"start":{"line":27,"column":6},"end":{"line":31,"column":null}},"2":{"start":{"line":28,"column":8},"end":{"line":28,"column":null}},"3":{"start":{"line":30,"column":10},"end":{"line":30,"column":null}},"4":{"start":{"line":37,"column":6},"end":{"line":37,"column":null}},"5":{"start":{"line":41,"column":6},"end":{"line":41,"column":null}},"6":{"start":{"line":42,"column":6},"end":{"line":42,"column":null}},"7":{"start":{"line":43,"column":6},"end":{"line":43,"column":null}},"8":{"start":{"line":46,"column":6},"end":{"line":48,"column":null}},"9":{"start":{"line":47,"column":8},"end":{"line":47,"column":null}},"10":{"start":{"line":52,"column":4},"end":{"line":52,"column":null}},"11":{"start":{"line":53,"column":4},"end":{"line":53,"column":null}},"12":{"start":{"line":56,"column":4},"end":{"line":56,"column":null}}},"fnMap":{"0":{"name":"(anonymous_0)","decl":{"start":{"line":23,"column":2},"end":{"line":23,"column":3}},"loc":{"start":{"line":23,"column":12},"end":{"line":33,"column":3}}},"1":{"name":"(anonymous_1)","decl":{"start":{"line":27,"column":140},"end":{"line":27,"column":141}},"loc":{"start":{"line":27,"column":152},"end":{"line":29,"column":7}}},"2":{"name":"(anonymous_2)","decl":{"start":{"line":29,"column":15},"end":{"line":29,"column":16}},"loc":{"start":{"line":29,"column":24},"end":{"line":31,"column":7}}},"3":{"name":"(anonymous_3)","decl":{"start":{"line":35,"column":4},"end":{"line":35,"column":5}},"loc":{"start":{"line":35,"column":13},"end":{"line":38,"column":5}}},"4":{"name":"(anonymous_4)","decl":{"start":{"line":39,"column":4},"end":{"line":39,"column":5}},"loc":{"start":{"line":39,"column":11},"end":{"line":44,"column":5}}},"5":{"name":"(anonymous_5)","decl":{"start":{"line":45,"column":4},"end":{"line":45,"column":5}},"loc":{"start":{"line":45,"column":18},"end":{"line":49,"column":null}}},"6":{"name":"(anonymous_6)","decl":{"start":{"line":51,"column":2},"end":{"line":51,"column":3}},"loc":{"start":{"line":51,"column":12},"end":{"line":54,"column":3}}},"7":{"name":"(anonymous_7)","decl":{"start":{"line":55,"column":2},"end":{"line":55,"column":3}},"loc":{"start":{"line":55,"column":14},"end":{"line":57,"column":null}}}},"branchMap":{"0":{"loc":{"start":{"line":24,"column":4},"end":{"line":32,"column":null}},"type":"if","locations":[{"start":{"line":24,"column":4},"end":{"line":32,"column":null}},{"start":{"line":26,"column":11},"end":{"line":32,"column":null}}]},"1":{"loc":{"start":{"line":46,"column":6},"end":{"line":48,"column":null}},"type":"if","locations":[{"start":{"line":46,"column":6},"end":{"line":48,"column":null}}]}},"s":{"0":131,"1":0,"2":0,"3":0,"4":0,"5":5399,"6":5399,"7":5399,"8":5399,"9":0,"10":131,"11":131,"12":0},"f":{"0":131,"1":0,"2":0,"3":0,"4":5399,"5":5399,"6":131,"7":0},"b":{"0":[131,0],"1":[0]}}
,"C:\\Users\\vovix\\Desktop\\Folder_1\\Univ\\Xsm\\vuejsLab\\newFolder\\frontend\\src\\views\\LeaderboardView.vue": {"path":"C:\\Users\\vovix\\Desktop\\Folder_1\\Univ\\Xsm\\vuejsLab\\newFolder\\frontend\\src\\views\\LeaderboardView.vue","statementMap":{"0":{"start":{"line":28,"column":4},"end":{"line":30,"column":null}},"1":{"start":{"line":33,"column":4},"end":{"line":33,"column":null}},"2":{"start":{"line":37,"column":6},"end":{"line":37,"column":null}},"3":{"start":{"line":37,"column":42},"end":{"line":37,"column":69}}},"fnMap":{"0":{"name":"(anonymous_0)","decl":{"start":{"line":27,"column":2},"end":{"line":27,"column":3}},"loc":{"start":{"line":27,"column":10},"end":{"line":31,"column":3}}},"1":{"name":"(anonymous_1)","decl":{"start":{"line":32,"column":2},"end":{"line":32,"column":3}},"loc":{"start":{"line":32,"column":12},"end":{"line":34,"column":3}}},"2":{"name":"(anonymous_2)","decl":{"start":{"line":36,"column":4},"end":{"line":36,"column":5}},"loc":{"start":{"line":36,"column":16},"end":{"line":38,"column":5}}},"3":{"name":"(anonymous_3)","decl":{"start":{"line":37,"column":30},"end":{"line":37,"column":31}},"loc":{"start":{"line":37,"column":42},"end":{"line":37,"column":69}}}},"branchMap":{},"s":{"0":107,"1":107,"2":107,"3":55},"f":{"0":107,"1":107,"2":107,"3":55},"b":{}}
,"C:\\Users\\vovix\\Desktop\\Folder_1\\Univ\\Xsm\\vuejsLab\\newFolder\\frontend\\src\\views\\LogInView.vue": {"path":"C:\\Users\\vovix\\Desktop\\Folder_1\\Univ\\Xsm\\vuejsLab\\newFolder\\frontend\\src\\views\\LogInView.vue","statementMap":{"0":{"start":{"line":21,"column":8},"end":{"line":25,"column":null}},"1":{"start":{"line":30,"column":12},"end":{"line":38,"column":null}},"2":{"start":{"line":34,"column":16},"end":{"line":34,"column":null}},"3":{"start":{"line":36,"column":16},"end":{"line":36,"column":null}},"4":{"start":{"line":37,"column":16},"end":{"line":37,"column":null}}},"fnMap":{"0":{"name":"(anonymous_0)","decl":{"start":{"line":20,"column":4},"end":{"line":20,"column":5}},"loc":{"start":{"line":20,"column":11},"end":{"line":26,"column":5}}},"1":{"name":"(anonymous_1)","decl":{"start":{"line":29,"column":8},"end":{"line":29,"column":9}},"loc":{"start":{"line":29,"column":16},"end":{"line":39,"column":null}}},"2":{"name":"(anonymous_2)","decl":{"start":{"line":33,"column":20},"end":{"line":33,"column":21}},"loc":{"start":{"line":33,"column":26},"end":{"line":35,"column":13}}},"3":{"name":"(anonymous_3)","decl":{"start":{"line":35,"column":21},"end":{"line":35,"column":22}},"loc":{"start":{"line":35,"column":30},"end":{"line":38,"column":13}}}},"branchMap":{},"s":{"0":77,"1":3,"2":0,"3":2,"4":0},"f":{"0":77,"1":3,"2":0,"3":2},"b":{}}
,"C:\\Users\\vovix\\Desktop\\Folder_1\\Univ\\Xsm\\vuejsLab\\newFolder\\frontend\\src\\views\\LogOutView.vue": {"path":"C:\\Users\\vovix\\Desktop\\Folder_1\\Univ\\Xsm\\vuejsLab\\newFolder\\frontend\\src\\views\\LogOutView.vue","statementMap":{"0":{"start":{"line":9,"column":6},"end":{"line":12,"column":null}}},"fnMap":{"0":{"name":"(anonymous_0)","decl":{"start":{"line":8,"column":4},"end":{"line":8,"column":5}},"loc":{"start":{"line":8,"column":15},"end":{"line":14,"column":null}}},"1":{"name":"(anonymous_1)","decl":{"start":{"line":10,"column":14},"end":{"line":10,"column":15}},"loc":{"start":{"line":10,"column":20},"end":{"line":12,"column":9}}}},"branchMap":{},"s":{"0":9},"f":{"0":9,"1":9},"b":{}}
,"C:\\Users\\vovix\\Desktop\\Folder_1\\Univ\\Xsm\\vuejsLab\\newFolder\\frontend\\src\\views\\NotFoundView.vue": {"path":"C:\\Users\\vovix\\Desktop\\Folder_1\\Univ\\Xsm\\vuejsLab\\newFolder\\frontend\\src\\views\\NotFoundView.vue","statementMap":{"0":{"start":{"line":2,"column":2},"end":{"line":2,"column":29}}},"fnMap":{},"branchMap":{},"s":{"0":15},"f":{},"b":{}}
,"C:\\Users\\vovix\\Desktop\\Folder_1\\Univ\\Xsm\\vuejsLab\\newFolder\\frontend\\src\\views\\ProfileView.vue": {"path":"C:\\Users\\vovix\\Desktop\\Folder_1\\Univ\\Xsm\\vuejsLab\\newFolder\\frontend\\src\\views\\ProfileView.vue","statementMap":{"0":{"start":{"line":34,"column":4},"end":{"line":36,"column":null}},"1":{"start":{"line":40,"column":4},"end":{"line":40,"column":null}},"2":{"start":{"line":45,"column":6},"end":{"line":51,"column":null}},"3":{"start":{"line":48,"column":8},"end":{"line":50,"column":null}},"4":{"start":{"line":50,"column":24},"end":{"line":50,"column":54}}},"fnMap":{"0":{"name":"(anonymous_0)","decl":{"start":{"line":33,"column":2},"end":{"line":33,"column":3}},"loc":{"start":{"line":33,"column":10},"end":{"line":37,"column":3}}},"1":{"name":"(anonymous_1)","decl":{"start":{"line":39,"column":2},"end":{"line":39,"column":3}},"loc":{"start":{"line":39,"column":12},"end":{"line":41,"column":3}}},"2":{"name":"(anonymous_2)","decl":{"start":{"line":44,"column":4},"end":{"line":44,"column":5}},"loc":{"start":{"line":44,"column":21},"end":{"line":52,"column":null}}},"3":{"name":"(anonymous_3)","decl":{"start":{"line":50,"column":12},"end":{"line":50,"column":13}},"loc":{"start":{"line":50,"column":24},"end":{"line":50,"column":54}}}},"branchMap":{"0":{"loc":{"start":{"line":45,"column":6},"end":{"line":51,"column":null}},"type":"if","locations":[{"start":{"line":45,"column":6},"end":{"line":51,"column":null}},{"start":{"line":47,"column":11},"end":{"line":51,"column":null}}]}},"s":{"0":18,"1":18,"2":18,"3":0,"4":0},"f":{"0":18,"1":18,"2":18,"3":0},"b":{"0":[18,0]}}
,"C:\\Users\\vovix\\Desktop\\Folder_1\\Univ\\Xsm\\vuejsLab\\newFolder\\frontend\\src\\views\\RegistrationView.vue": {"path":"C:\\Users\\vovix\\Desktop\\Folder_1\\Univ\\Xsm\\vuejsLab\\newFolder\\frontend\\src\\views\\RegistrationView.vue","statementMap":{"0":{"start":{"line":32,"column":8},"end":{"line":40,"column":null}},"1":{"start":{"line":45,"column":12},"end":{"line":52,"column":null}}},"fnMap":{"0":{"name":"(anonymous_0)","decl":{"start":{"line":31,"column":4},"end":{"line":31,"column":5}},"loc":{"start":{"line":31,"column":11},"end":{"line":41,"column":5}}},"1":{"name":"(anonymous_1)","decl":{"start":{"line":44,"column":8},"end":{"line":44,"column":9}},"loc":{"start":{"line":44,"column":23},"end":{"line":54,"column":null}}}},"branchMap":{},"s":{"0":57,"1":2},"f":{"0":57,"1":2},"b":{}}
}
