TN:
SF:src\App.vue
FNF:0
FNH:0
DA:4,486
DA:5,486
DA:6,486
DA:7,486
DA:8,486
DA:9,486
DA:10,486
LF:7
LH:7
BRF:0
BRH:0
end_of_record
TN:
SF:src\api.js
FNF:0
FNH:0
DA:3,486
LF:1
LH:1
BRF:0
BRH:0
end_of_record
TN:
SF:src\main.js
FNF:0
FNH:0
DA:6,486
LF:1
LH:1
BRF:0
BRH:0
end_of_record
TN:
SF:src\components\Overview_item.vue
FN:18,(anonymous_0)
FN:28,(anonymous_1)
FN:30,(anonymous_2)
FN:36,(anonymous_3)
FN:39,(anonymous_4)
FN:42,(anonymous_5)
FN:45,(anonymous_6)
FNF:7
FNH:5
FNDA:6,(anonymous_0)
FNDA:0,(anonymous_1)
FNDA:0,(anonymous_2)
FNDA:437,(anonymous_3)
FNDA:131,(anonymous_4)
FNDA:131,(anonymous_5)
FNDA:437,(anonymous_6)
DA:19,6
DA:29,0
DA:31,0
DA:37,437
DA:40,131
DA:43,131
DA:46,437
LF:7
LH:5
BRF:0
BRH:0
end_of_record
TN:
SF:src\components\Upgrades_item.vue
FN:23,(anonymous_0)
FN:28,(anonymous_1)
FNF:2
FNH:1
FNDA:131,(anonymous_0)
FNDA:0,(anonymous_1)
DA:24,131
DA:29,0
LF:2
LH:1
BRF:0
BRH:0
end_of_record
TN:
SF:src\router\index.js
FNF:0
FNH:0
DA:11,486
DA:55,486
LF:2
LH:2
BRF:0
BRH:0
end_of_record
TN:
SF:src\store\index.js
FN:57,(anonymous_0)
FN:60,(anonymous_1)
FN:63,(anonymous_2)
FN:64,(anonymous_3)
FN:76,(anonymous_4)
FN:81,(anonymous_5)
FN:90,(anonymous_6)
FN:94,(anonymous_7)
FN:98,(anonymous_8)
FN:102,(anonymous_9)
FN:113,(anonymous_10)
FN:115,(anonymous_11)
FN:123,(anonymous_12)
FN:124,(anonymous_13)
FN:128,(anonymous_14)
FN:131,(anonymous_15)
FN:136,(anonymous_16)
FNF:17
FNH:11
FNDA:2102,(anonymous_0)
FNDA:5836,(anonymous_1)
FNDA:131,(anonymous_2)
FNDA:524,(anonymous_3)
FNDA:0,(anonymous_4)
FNDA:0,(anonymous_5)
FNDA:0,(anonymous_6)
FNDA:306,(anonymous_7)
FNDA:0,(anonymous_8)
FNDA:0,(anonymous_9)
FNDA:5399,(anonymous_10)
FNDA:21596,(anonymous_11)
FNDA:3,(anonymous_12)
FNDA:3,(anonymous_13)
FNDA:0,(anonymous_14)
FNDA:2,(anonymous_15)
FNDA:9,(anonymous_16)
DA:58,2102
DA:61,5836
DA:64,131
DA:65,524
DA:66,131
DA:67,131
DA:68,393
DA:69,131
DA:70,131
DA:77,0
DA:78,0
DA:79,0
DA:82,0
DA:83,0
DA:84,0
DA:85,0
DA:86,0
DA:87,0
DA:88,0
DA:91,0
DA:92,0
DA:95,306
DA:96,306
DA:99,0
DA:100,0
DA:103,0
DA:105,0
DA:106,0
DA:107,0
DA:110,0
DA:114,5399
DA:115,5399
DA:116,21596
DA:117,21596
DA:118,21596
DA:124,3
DA:125,3
DA:129,0
DA:130,0
DA:132,2
DA:137,9
DA:138,0
LF:42
LH:20
BRDA:65,0,0,131
BRDA:65,0,1,393
BRDA:68,1,0,131
BRDA:68,1,1,262
BRDA:103,2,0,0
BRDA:103,2,1,0
BRDA:137,3,0,0
BRDA:137,3,1,9
BRF:8
BRH:5
end_of_record
TN:
SF:src\views\AboutView.vue
FNF:0
FNH:0
DA:2,72
DA:3,486
DA:4,486
DA:5,486
DA:11,486
LF:5
LH:5
BRF:0
BRH:0
end_of_record
TN:
SF:src\views\GameView.vue
FN:23,(anonymous_0)
FN:27,(anonymous_1)
FN:29,(anonymous_2)
FN:35,(anonymous_3)
FN:39,(anonymous_4)
FN:45,(anonymous_5)
FN:51,(anonymous_6)
FN:55,(anonymous_7)
FNF:8
FNH:4
FNDA:131,(anonymous_0)
FNDA:0,(anonymous_1)
FNDA:0,(anonymous_2)
FNDA:0,(anonymous_3)
FNDA:5399,(anonymous_4)
FNDA:5399,(anonymous_5)
FNDA:131,(anonymous_6)
FNDA:0,(anonymous_7)
DA:24,131
DA:27,0
DA:28,0
DA:30,0
DA:37,0
DA:41,5399
DA:42,5399
DA:43,5399
DA:46,5399
DA:47,0
DA:52,131
DA:53,131
DA:56,0
LF:13
LH:7
BRDA:24,0,0,131
BRDA:24,0,1,0
BRDA:46,1,0,0
BRF:3
BRH:1
end_of_record
TN:
SF:src\views\LeaderboardView.vue
FN:27,(anonymous_0)
FN:32,(anonymous_1)
FN:36,(anonymous_2)
FN:37,(anonymous_3)
FNF:4
FNH:4
FNDA:107,(anonymous_0)
FNDA:107,(anonymous_1)
FNDA:107,(anonymous_2)
FNDA:55,(anonymous_3)
DA:28,107
DA:33,107
DA:37,107
LF:3
LH:3
BRF:0
BRH:0
end_of_record
TN:
SF:src\views\LogInView.vue
FN:20,(anonymous_0)
FN:29,(anonymous_1)
FN:33,(anonymous_2)
FN:35,(anonymous_3)
FNF:4
FNH:3
FNDA:77,(anonymous_0)
FNDA:3,(anonymous_1)
FNDA:0,(anonymous_2)
FNDA:2,(anonymous_3)
DA:21,77
DA:30,3
DA:34,0
DA:36,2
DA:37,0
LF:5
LH:3
BRF:0
BRH:0
end_of_record
TN:
SF:src\views\LogOutView.vue
FN:8,(anonymous_0)
FN:10,(anonymous_1)
FNF:2
FNH:2
FNDA:9,(anonymous_0)
FNDA:9,(anonymous_1)
DA:9,9
LF:1
LH:1
BRF:0
BRH:0
end_of_record
TN:
SF:src\views\NotFoundView.vue
FNF:0
FNH:0
DA:2,15
LF:1
LH:1
BRF:0
BRH:0
end_of_record
TN:
SF:src\views\ProfileView.vue
FN:33,(anonymous_0)
FN:39,(anonymous_1)
FN:44,(anonymous_2)
FN:50,(anonymous_3)
FNF:4
FNH:3
FNDA:18,(anonymous_0)
FNDA:18,(anonymous_1)
FNDA:18,(anonymous_2)
FNDA:0,(anonymous_3)
DA:34,18
DA:40,18
DA:45,18
DA:48,0
DA:50,0
LF:5
LH:3
BRDA:45,0,0,18
BRDA:45,0,1,0
BRF:2
BRH:1
end_of_record
TN:
SF:src\views\RegistrationView.vue
FN:31,(anonymous_0)
FN:44,(anonymous_1)
FNF:2
FNH:2
FNDA:57,(anonymous_0)
FNDA:2,(anonymous_1)
DA:32,57
DA:45,2
LF:2
LH:2
BRF:0
BRH:0
end_of_record
