{
  "C:\\Users\\vovix\\Desktop\\Folder_1\\Univ\\Xsm\\vuejsLab\\newFolder\\frontend\\src\\App.vue": {
    "path": "C:\\Users\\vovix\\Desktop\\Folder_1\\Univ\\Xsm\\vuejsLab\\newFolder\\frontend\\src\\App.vue",
    "statementMap": {
      "0": {
        "start": {
          "line": 3,
          "column": 21
        },
        "end": {
          "line": 3,
          "column": 81
        }
      },
      "1": {
        "start": {
          "line": 3,
          "column": 27
        },
        "end": {
          "line": 3,
          "column": 80
        }
      },
      "2": {
        "start": {
          "line": 4,
          "column": 32
        },
        "end": {
          "line": 4,
          "column": 56
        }
      },
      "3": {
        "start": {
          "line": 5,
          "column": 32
        },
        "end": {
          "line": 5,
          "column": 63
        }
      },
      "4": {
        "start": {
          "line": 6,
          "column": 32
        },
        "end": {
          "line": 6,
          "column": 61
        }
      },
      "5": {
        "start": {
          "line": 7,
          "column": 19
        },
        "end": {
          "line": 7,
          "column": 29
        }
      },
      "6": {
        "start": {
          "line": 8,
          "column": 32
        },
        "end": {
          "line": 8,
          "column": 58
        }
      },
      "7": {
        "start": {
          "line": 9,
          "column": 19
        },
        "end": {
          "line": 9,
          "column": 29
        }
      },
      "8": {
        "start": {
          "line": 10,
          "column": 32
        },
        "end": {
          "line": 10,
          "column": 64
        }
      },
      "9": {
        "start": {
          "line": 11,
          "column": 19
        },
        "end": {
          "line": 11,
          "column": 29
        }
      },
      "10": {
        "start": {
          "line": 12,
          "column": 32
        },
        "end": {
          "line": 12,
          "column": 59
        }
      },
      "11": {
        "start": {
          "line": 13,
          "column": 20
        },
        "end": {
          "line": 13,
          "column": 30
        }
      },
      "12": {
        "start": {
          "line": 14,
          "column": 33
        },
        "end": {
          "line": 14,
          "column": 60
        }
      },
      "13": {
        "start": {
          "line": 17,
          "column": 33
        },
        "end": {
          "line": 17,
          "column": 65
        }
      },
      "14": {
        "start": {
          "line": 18,
          "column": 33
        },
        "end": {
          "line": 18,
          "column": 65
        }
      },
      "15": {
        "start": {
          "line": 20,
          "column": 2
        },
        "end": {
          "line": 88,
          "column": 5
        }
      },
      "16": {
        "start": {
          "line": 24,
          "column": 34
        },
        "end": {
          "line": 26,
          "column": 11
        }
      },
      "17": {
        "start": {
          "line": 32,
          "column": 34
        },
        "end": {
          "line": 34,
          "column": 11
        }
      },
      "18": {
        "start": {
          "line": 40,
          "column": 34
        },
        "end": {
          "line": 42,
          "column": 11
        }
      },
      "19": {
        "start": {
          "line": 49,
          "column": 38
        },
        "end": {
          "line": 51,
          "column": 15
        }
      },
      "20": {
        "start": {
          "line": 59,
          "column": 38
        },
        "end": {
          "line": 61,
          "column": 15
        }
      },
      "21": {
        "start": {
          "line": 69,
          "column": 38
        },
        "end": {
          "line": 71,
          "column": 15
        }
      },
      "22": {
        "start": {
          "line": 79,
          "column": 38
        },
        "end": {
          "line": 81,
          "column": 15
        }
      }
    },
    "fnMap": {
      "0": {
        "name": "(anonymous_0)",
        "decl": {
          "start": {
            "line": 3,
            "column": 21
          },
          "end": {
            "line": 3,
            "column": 22
          }
        },
        "loc": {
          "start": {
            "line": 3,
            "column": 27
          },
          "end": {
            "line": 3,
            "column": 80
          }
        },
        "line": 3
      },
      "1": {
        "name": "render",
        "decl": {
          "start": {
            "line": 16,
            "column": 16
          },
          "end": {
            "line": 16,
            "column": 22
          }
        },
        "loc": {
          "start": {
            "line": 16,
            "column": 37
          },
          "end": {
            "line": 89,
            "column": 1
          }
        },
        "line": 16
      },
      "2": {
        "name": "(anonymous_2)",
        "decl": {
          "start": {
            "line": 24,
            "column": 28
          },
          "end": {
            "line": 24,
            "column": 29
          }
        },
        "loc": {
          "start": {
            "line": 24,
            "column": 34
          },
          "end": {
            "line": 26,
            "column": 11
          }
        },
        "line": 24
      },
      "3": {
        "name": "(anonymous_3)",
        "decl": {
          "start": {
            "line": 32,
            "column": 28
          },
          "end": {
            "line": 32,
            "column": 29
          }
        },
        "loc": {
          "start": {
            "line": 32,
            "column": 34
          },
          "end": {
            "line": 34,
            "column": 11
          }
        },
        "line": 32
      },
      "4": {
        "name": "(anonymous_4)",
        "decl": {
          "start": {
            "line": 40,
            "column": 28
          },
          "end": {
            "line": 40,
            "column": 29
          }
        },
        "loc": {
          "start": {
            "line": 40,
            "column": 34
          },
          "end": {
            "line": 42,
            "column": 11
          }
        },
        "line": 40
      },
      "5": {
        "name": "(anonymous_5)",
        "decl": {
          "start": {
            "line": 49,
            "column": 32
          },
          "end": {
            "line": 49,
            "column": 33
          }
        },
        "loc": {
          "start": {
            "line": 49,
            "column": 38
          },
          "end": {
            "line": 51,
            "column": 15
          }
        },
        "line": 49
      },
      "6": {
        "name": "(anonymous_6)",
        "decl": {
          "start": {
            "line": 59,
            "column": 32
          },
          "end": {
            "line": 59,
            "column": 33
          }
        },
        "loc": {
          "start": {
            "line": 59,
            "column": 38
          },
          "end": {
            "line": 61,
            "column": 15
          }
        },
        "line": 59
      },
      "7": {
        "name": "(anonymous_7)",
        "decl": {
          "start": {
            "line": 69,
            "column": 32
          },
          "end": {
            "line": 69,
            "column": 33
          }
        },
        "loc": {
          "start": {
            "line": 69,
            "column": 38
          },
          "end": {
            "line": 71,
            "column": 15
          }
        },
        "line": 69
      },
      "8": {
        "name": "(anonymous_8)",
        "decl": {
          "start": {
            "line": 79,
            "column": 32
          },
          "end": {
            "line": 79,
            "column": 33
          }
        },
        "loc": {
          "start": {
            "line": 79,
            "column": 38
          },
          "end": {
            "line": 81,
            "column": 15
          }
        },
        "line": 79
      }
    },
    "branchMap": {
      "0": {
        "loc": {
          "start": {
            "line": 46,
            "column": 6
          },
          "end": {
            "line": 55,
            "column": 43
          }
        },
        "type": "cond-expr",
        "locations": [
          {
            "start": {
              "line": 47,
              "column": 11
            },
            "end": {
              "line": 54,
              "column": 12
            }
          },
          {
            "start": {
              "line": 55,
              "column": 10
            },
            "end": {
              "line": 55,
              "column": 43
            }
          }
        ],
        "line": 46
      },
      "1": {
        "loc": {
          "start": {
            "line": 56,
            "column": 6
          },
          "end": {
            "line": 65,
            "column": 43
          }
        },
        "type": "cond-expr",
        "locations": [
          {
            "start": {
              "line": 57,
              "column": 11
            },
            "end": {
              "line": 64,
              "column": 12
            }
          },
          {
            "start": {
              "line": 65,
              "column": 10
            },
            "end": {
              "line": 65,
              "column": 43
            }
          }
        ],
        "line": 56
      },
      "2": {
        "loc": {
          "start": {
            "line": 66,
            "column": 6
          },
          "end": {
            "line": 75,
            "column": 43
          }
        },
        "type": "cond-expr",
        "locations": [
          {
            "start": {
              "line": 67,
              "column": 11
            },
            "end": {
              "line": 74,
              "column": 12
            }
          },
          {
            "start": {
              "line": 75,
              "column": 10
            },
            "end": {
              "line": 75,
              "column": 43
            }
          }
        ],
        "line": 66
      },
      "3": {
        "loc": {
          "start": {
            "line": 76,
            "column": 6
          },
          "end": {
            "line": 85,
            "column": 43
          }
        },
        "type": "cond-expr",
        "locations": [
          {
            "start": {
              "line": 77,
              "column": 11
            },
            "end": {
              "line": 84,
              "column": 12
            }
          },
          {
            "start": {
              "line": 85,
              "column": 10
            },
            "end": {
              "line": 85,
              "column": 43
            }
          }
        ],
        "line": 76
      }
    },
    "s": {
      "0": 486,
      "1": 0,
      "2": 486,
      "3": 486,
      "4": 486,
      "5": 486,
      "6": 486,
      "7": 486,
      "8": 486,
      "9": 486,
      "10": 486,
      "11": 486,
      "12": 486,
      "13": 486,
      "14": 486,
      "15": 486,
      "16": 972,
      "17": 972,
      "18": 972,
      "19": 972,
      "20": 972,
      "21": 0,
      "22": 0
    },
    "f": {
      "0": 0,
      "1": 486,
      "2": 972,
      "3": 972,
      "4": 972,
      "5": 972,
      "6": 972,
      "7": 0,
      "8": 0
    },
    "b": {
      "0": [
        486,
        0
      ],
      "1": [
        486,
        0
      ],
      "2": [
        0,
        486
      ],
      "3": [
        0,
        486
      ]
    },
    "inputSourceMap": {
      "version": 3,
      "sources": [
        "C:\\Users\\vovix\\Desktop\\Folder_1\\Univ\\Xsm\\vuejsLab\\newFolder\\frontend\\src\\App.vue"
      ],
      "names": [],
      "mappings": ";;;iDAG4C,MAAI;iDACG,aAAW;iDACd,WAAS;;iDAC2B,QAAM;;iDACC,cAAY;;iDAClB,SAAO;;kDACR,SAAO;;;;;;wBARzF,oBAWO;IAVL,oBAQK;MAPH,oBAA6D;QAAzD,aAAoD,0BAAtC,EAAE,EAAE,cAAc;4BAAE,CAAI;;;;;;MAC1C,oBAA2E;QAAvE,aAAkE,0BAApD,EAAE,EAAE,qBAAqB;4BAAE,CAAW;;;;;;MACxD,oBAAsE;QAAlE,aAA6D,0BAA/C,EAAE,EAAE,kBAAkB;4BAAE,CAAS;;;;;;aACnC,MAAM,CAAC,OAAO,CAAC,UAAU;yBAAzC,oBAAuG;YAA5D,aAAuD,0BAAzC,EAAE,EAAE,eAAe;gCAAE,CAAM;;;;;;;aACpE,MAAM,CAAC,OAAO,CAAC,UAAU;yBAAzC,oBAAoH;YAAzE,aAAoE,0BAAtD,EAAE,EAAE,sBAAsB;gCAAE,CAAY;;;;;;;YAClF,MAAM,CAAC,OAAO,CAAC,UAAU;yBAAxC,oBAAyG;YAA/D,aAA0D,0BAA5C,EAAE,EAAE,iBAAiB;gCAAE,CAAO;;;;;;;YACvE,MAAM,CAAC,OAAO,CAAC,UAAU;yBAAxC,oBAAwG;YAA9D,aAAyD,0BAA3C,EAAE,EAAE,gBAAgB;gCAAE,CAAO;;;;;;;;IAEvF,aAAoC,0BAAvB,KAAqB,EAArB,kBAAqB",
      "file": "C:/Users/vovix/Desktop/Folder_1/Univ/Xsm/vuejsLab/newFolder/frontend/src/App.vue",
      "sourceRoot": "",
      "sourcesContent": [
        "<template>\n  <body>\n    <ul>\n      <li><router-link :to=\"{name: 'Game'}\">Game</router-link></li>\n      <li><router-link :to=\"{name: 'Leaderboard'}\">Leaderboard</router-link></li>\n      <li><router-link :to=\"{name: 'AboutApp'}\">About App</router-link></li>\n      <li v-if=\"!this.$store.getters.authorized\"><router-link :to=\"{name: 'LogIn'}\">Log In</router-link></li>\n      <li v-if=\"!this.$store.getters.authorized\"><router-link :to=\"{name: 'Registration'}\">Registration</router-link></li>\n      <li v-if=\"this.$store.getters.authorized\"><router-link :to=\"{name: 'Profile'}\">Profile</router-link></li>\n      <li v-if=\"this.$store.getters.authorized\"><router-link :to=\"{name: 'LogOut'}\">Log Out</router-link></li>\n    </ul>\n    <router-view style=\"padding: 10px\"/>\n  </body>\n</template>\n\n<style scoped>\nul {\n  list-style-type: none;\n  margin: 0;\n  padding: 0;\n  overflow: hidden;\n  background-color: #333;\n}\n\nli {\n  float: left;\n  border-right:1px solid #bbb;\n}\n\nli:last-child {\n  border-right: none;\n}\n\nli a {\n  display: block;\n  color: white;\n  text-align: center;\n  padding: 14px 16px;\n  text-decoration: none;\n}\n\nli a:hover:not(.active) {\n  background-color: #111;\n}\n\n.active {\n  background-color: #04AA6D;\n}\n</style>"
      ]
    },
    "_coverageSchema": "1a1c01bbd47fc00a2c39e90264f33305004495a9",
    "hash": "29748197b6b9d447bd9606278ae31845bebd79fb"
  },
  "C:\\Users\\vovix\\Desktop\\Folder_1\\Univ\\Xsm\\vuejsLab\\newFolder\\frontend\\src\\api.js": {
    "path": "C:\\Users\\vovix\\Desktop\\Folder_1\\Univ\\Xsm\\vuejsLab\\newFolder\\frontend\\src\\api.js",
    "statementMap": {
      "0": {
        "start": {
          "line": 3,
          "column": 15
        },
        "end": {
          "line": 6,
          "column": 2
        }
      }
    },
    "fnMap": {},
    "branchMap": {},
    "s": {
      "0": 486
    },
    "f": {},
    "b": {},
    "_coverageSchema": "1a1c01bbd47fc00a2c39e90264f33305004495a9",
    "hash": "8c383a0810557945f538ca122f6247da613a1ed2"
  },
  "C:\\Users\\vovix\\Desktop\\Folder_1\\Univ\\Xsm\\vuejsLab\\newFolder\\frontend\\src\\store\\index.js": {
    "path": "C:\\Users\\vovix\\Desktop\\Folder_1\\Univ\\Xsm\\vuejsLab\\newFolder\\frontend\\src\\store\\index.js",
    "statementMap": {
      "0": {
        "start": {
          "line": 58,
          "column": 6
        },
        "end": {
          "line": 58,
          "column": 38
        }
      },
      "1": {
        "start": {
          "line": 61,
          "column": 6
        },
        "end": {
          "line": 61,
          "column": 67
        }
      },
      "2": {
        "start": {
          "line": 64,
          "column": 6
        },
        "end": {
          "line": 72,
          "column": 9
        }
      },
      "3": {
        "start": {
          "line": 65,
          "column": 8
        },
        "end": {
          "line": 71,
          "column": 9
        }
      },
      "4": {
        "start": {
          "line": 66,
          "column": 10
        },
        "end": {
          "line": 66,
          "column": 35
        }
      },
      "5": {
        "start": {
          "line": 67,
          "column": 10
        },
        "end": {
          "line": 67,
          "column": 25
        }
      },
      "6": {
        "start": {
          "line": 68,
          "column": 15
        },
        "end": {
          "line": 71,
          "column": 9
        }
      },
      "7": {
        "start": {
          "line": 69,
          "column": 10
        },
        "end": {
          "line": 69,
          "column": 34
        }
      },
      "8": {
        "start": {
          "line": 70,
          "column": 10
        },
        "end": {
          "line": 70,
          "column": 25
        }
      },
      "9": {
        "start": {
          "line": 77,
          "column": 6
        },
        "end": {
          "line": 77,
          "column": 32
        }
      },
      "10": {
        "start": {
          "line": 78,
          "column": 6
        },
        "end": {
          "line": 78,
          "column": 34
        }
      },
      "11": {
        "start": {
          "line": 79,
          "column": 6
        },
        "end": {
          "line": 79,
          "column": 31
        }
      },
      "12": {
        "start": {
          "line": 82,
          "column": 6
        },
        "end": {
          "line": 82,
          "column": 31
        }
      },
      "13": {
        "start": {
          "line": 83,
          "column": 6
        },
        "end": {
          "line": 83,
          "column": 42
        }
      },
      "14": {
        "start": {
          "line": 84,
          "column": 6
        },
        "end": {
          "line": 84,
          "column": 31
        }
      },
      "15": {
        "start": {
          "line": 85,
          "column": 6
        },
        "end": {
          "line": 85,
          "column": 56
        }
      },
      "16": {
        "start": {
          "line": 86,
          "column": 6
        },
        "end": {
          "line": 86,
          "column": 56
        }
      },
      "17": {
        "start": {
          "line": 87,
          "column": 6
        },
        "end": {
          "line": 87,
          "column": 56
        }
      },
      "18": {
        "start": {
          "line": 88,
          "column": 6
        },
        "end": {
          "line": 88,
          "column": 56
        }
      },
      "19": {
        "start": {
          "line": 91,
          "column": 8
        },
        "end": {
          "line": 91,
          "column": 32
        }
      },
      "20": {
        "start": {
          "line": 92,
          "column": 8
        },
        "end": {
          "line": 92,
          "column": 33
        }
      },
      "21": {
        "start": {
          "line": 95,
          "column": 6
        },
        "end": {
          "line": 95,
          "column": 31
        }
      },
      "22": {
        "start": {
          "line": 96,
          "column": 6
        },
        "end": {
          "line": 96,
          "column": 36
        }
      },
      "23": {
        "start": {
          "line": 99,
          "column": 6
        },
        "end": {
          "line": 99,
          "column": 27
        }
      },
      "24": {
        "start": {
          "line": 100,
          "column": 6
        },
        "end": {
          "line": 100,
          "column": 54
        }
      },
      "25": {
        "start": {
          "line": 103,
          "column": 6
        },
        "end": {
          "line": 111,
          "column": 7
        }
      },
      "26": {
        "start": {
          "line": 105,
          "column": 8
        },
        "end": {
          "line": 105,
          "column": 50
        }
      },
      "27": {
        "start": {
          "line": 106,
          "column": 8
        },
        "end": {
          "line": 106,
          "column": 49
        }
      },
      "28": {
        "start": {
          "line": 107,
          "column": 8
        },
        "end": {
          "line": 108,
          "column": 42
        }
      },
      "29": {
        "start": {
          "line": 110,
          "column": 8
        },
        "end": {
          "line": 110,
          "column": 37
        }
      },
      "30": {
        "start": {
          "line": 114,
          "column": 6
        },
        "end": {
          "line": 114,
          "column": 20
        }
      },
      "31": {
        "start": {
          "line": 115,
          "column": 6
        },
        "end": {
          "line": 119,
          "column": 8
        }
      },
      "32": {
        "start": {
          "line": 116,
          "column": 8
        },
        "end": {
          "line": 116,
          "column": 54
        }
      },
      "33": {
        "start": {
          "line": 117,
          "column": 8
        },
        "end": {
          "line": 117,
          "column": 61
        }
      },
      "34": {
        "start": {
          "line": 118,
          "column": 6
        },
        "end": {
          "line": 118,
          "column": 64
        }
      },
      "35": {
        "start": {
          "line": 124,
          "column": 8
        },
        "end": {
          "line": 134,
          "column": 10
        }
      },
      "36": {
        "start": {
          "line": 125,
          "column": 12
        },
        "end": {
          "line": 133,
          "column": 14
        }
      },
      "37": {
        "start": {
          "line": 129,
          "column": 16
        },
        "end": {
          "line": 129,
          "column": 157
        }
      },
      "38": {
        "start": {
          "line": 130,
          "column": 16
        },
        "end": {
          "line": 130,
          "column": 25
        }
      },
      "39": {
        "start": {
          "line": 132,
          "column": 16
        },
        "end": {
          "line": 132,
          "column": 27
        }
      },
      "40": {
        "start": {
          "line": 137,
          "column": 8
        },
        "end": {
          "line": 139,
          "column": 9
        }
      },
      "41": {
        "start": {
          "line": 138,
          "column": 12
        },
        "end": {
          "line": 138,
          "column": 42
        }
      }
    },
    "fnMap": {
      "0": {
        "name": "(anonymous_0)",
        "decl": {
          "start": {
            "line": 57,
            "column": 4
          },
          "end": {
            "line": 57,
            "column": 5
          }
        },
        "loc": {
          "start": {
            "line": 57,
            "column": 23
          },
          "end": {
            "line": 59,
            "column": 5
          }
        },
        "line": 57
      },
      "1": {
        "name": "(anonymous_1)",
        "decl": {
          "start": {
            "line": 60,
            "column": 23
          },
          "end": {
            "line": 60,
            "column": 24
          }
        },
        "loc": {
          "start": {
            "line": 60,
            "column": 32
          },
          "end": {
            "line": 62,
            "column": 5
          }
        },
        "line": 60
      },
      "2": {
        "name": "(anonymous_2)",
        "decl": {
          "start": {
            "line": 63,
            "column": 23
          },
          "end": {
            "line": 63,
            "column": 24
          }
        },
        "loc": {
          "start": {
            "line": 63,
            "column": 32
          },
          "end": {
            "line": 73,
            "column": 5
          }
        },
        "line": 63
      },
      "3": {
        "name": "(anonymous_3)",
        "decl": {
          "start": {
            "line": 64,
            "column": 35
          },
          "end": {
            "line": 64,
            "column": 36
          }
        },
        "loc": {
          "start": {
            "line": 64,
            "column": 46
          },
          "end": {
            "line": 72,
            "column": 7
          }
        },
        "line": 64
      },
      "4": {
        "name": "(anonymous_4)",
        "decl": {
          "start": {
            "line": 76,
            "column": 4
          },
          "end": {
            "line": 76,
            "column": 5
          }
        },
        "loc": {
          "start": {
            "line": 76,
            "column": 55
          },
          "end": {
            "line": 80,
            "column": 5
          }
        },
        "line": 76
      },
      "5": {
        "name": "(anonymous_5)",
        "decl": {
          "start": {
            "line": 81,
            "column": 4
          },
          "end": {
            "line": 81,
            "column": 5
          }
        },
        "loc": {
          "start": {
            "line": 81,
            "column": 32
          },
          "end": {
            "line": 89,
            "column": 5
          }
        },
        "line": 81
      },
      "6": {
        "name": "(anonymous_6)",
        "decl": {
          "start": {
            "line": 90,
            "column": 4
          },
          "end": {
            "line": 90,
            "column": 5
          }
        },
        "loc": {
          "start": {
            "line": 90,
            "column": 25
          },
          "end": {
            "line": 93,
            "column": 5
          }
        },
        "line": 90
      },
      "7": {
        "name": "(anonymous_7)",
        "decl": {
          "start": {
            "line": 94,
            "column": 20
          },
          "end": {
            "line": 94,
            "column": 21
          }
        },
        "loc": {
          "start": {
            "line": 94,
            "column": 42
          },
          "end": {
            "line": 97,
            "column": 5
          }
        },
        "line": 94
      },
      "8": {
        "name": "(anonymous_8)",
        "decl": {
          "start": {
            "line": 98,
            "column": 13
          },
          "end": {
            "line": 98,
            "column": 14
          }
        },
        "loc": {
          "start": {
            "line": 98,
            "column": 22
          },
          "end": {
            "line": 101,
            "column": 5
          }
        },
        "line": 98
      },
      "9": {
        "name": "(anonymous_9)",
        "decl": {
          "start": {
            "line": 102,
            "column": 16
          },
          "end": {
            "line": 102,
            "column": 17
          }
        },
        "loc": {
          "start": {
            "line": 102,
            "column": 44
          },
          "end": {
            "line": 112,
            "column": 5
          }
        },
        "line": 102
      },
      "10": {
        "name": "(anonymous_10)",
        "decl": {
          "start": {
            "line": 113,
            "column": 20
          },
          "end": {
            "line": 113,
            "column": 21
          }
        },
        "loc": {
          "start": {
            "line": 113,
            "column": 29
          },
          "end": {
            "line": 120,
            "column": 5
          }
        },
        "line": 113
      },
      "11": {
        "name": "(anonymous_11)",
        "decl": {
          "start": {
            "line": 115,
            "column": 29
          },
          "end": {
            "line": 115,
            "column": 30
          }
        },
        "loc": {
          "start": {
            "line": 115,
            "column": 40
          },
          "end": {
            "line": 119,
            "column": 7
          }
        },
        "line": 115
      },
      "12": {
        "name": "(anonymous_12)",
        "decl": {
          "start": {
            "line": 123,
            "column": 4
          },
          "end": {
            "line": 123,
            "column": 5
          }
        },
        "loc": {
          "start": {
            "line": 123,
            "column": 41
          },
          "end": {
            "line": 135,
            "column": 5
          }
        },
        "line": 123
      },
      "13": {
        "name": "(anonymous_13)",
        "decl": {
          "start": {
            "line": 124,
            "column": 27
          },
          "end": {
            "line": 124,
            "column": 28
          }
        },
        "loc": {
          "start": {
            "line": 124,
            "column": 48
          },
          "end": {
            "line": 134,
            "column": 9
          }
        },
        "line": 124
      },
      "14": {
        "name": "(anonymous_14)",
        "decl": {
          "start": {
            "line": 128,
            "column": 20
          },
          "end": {
            "line": 128,
            "column": 21
          }
        },
        "loc": {
          "start": {
            "line": 128,
            "column": 32
          },
          "end": {
            "line": 131,
            "column": 13
          }
        },
        "line": 128
      },
      "15": {
        "name": "(anonymous_15)",
        "decl": {
          "start": {
            "line": 131,
            "column": 21
          },
          "end": {
            "line": 131,
            "column": 22
          }
        },
        "loc": {
          "start": {
            "line": 131,
            "column": 28
          },
          "end": {
            "line": 133,
            "column": 13
          }
        },
        "line": 131
      },
      "16": {
        "name": "(anonymous_16)",
        "decl": {
          "start": {
            "line": 136,
            "column": 4
          },
          "end": {
            "line": 136,
            "column": 5
          }
        },
        "loc": {
          "start": {
            "line": 136,
            "column": 25
          },
          "end": {
            "line": 140,
            "column": 5
          }
        },
        "line": 136
      }
    },
    "branchMap": {
      "0": {
        "loc": {
          "start": {
            "line": 65,
            "column": 8
          },
          "end": {
            "line": 71,
            "column": 9
          }
        },
        "type": "if",
        "locations": [
          {
            "start": {
              "line": 65,
              "column": 8
            },
            "end": {
              "line": 71,
              "column": 9
            }
          },
          {
            "start": {
              "line": 68,
              "column": 15
            },
            "end": {
              "line": 71,
              "column": 9
            }
          }
        ],
        "line": 65
      },
      "1": {
        "loc": {
          "start": {
            "line": 68,
            "column": 15
          },
          "end": {
            "line": 71,
            "column": 9
          }
        },
        "type": "if",
        "locations": [
          {
            "start": {
              "line": 68,
              "column": 15
            },
            "end": {
              "line": 71,
              "column": 9
            }
          },
          {
            "start": {},
            "end": {}
          }
        ],
        "line": 68
      },
      "2": {
        "loc": {
          "start": {
            "line": 103,
            "column": 6
          },
          "end": {
            "line": 111,
            "column": 7
          }
        },
        "type": "if",
        "locations": [
          {
            "start": {
              "line": 103,
              "column": 6
            },
            "end": {
              "line": 111,
              "column": 7
            }
          },
          {
            "start": {
              "line": 109,
              "column": 13
            },
            "end": {
              "line": 111,
              "column": 7
            }
          }
        ],
        "line": 103
      },
      "3": {
        "loc": {
          "start": {
            "line": 137,
            "column": 8
          },
          "end": {
            "line": 139,
            "column": 9
          }
        },
        "type": "if",
        "locations": [
          {
            "start": {
              "line": 137,
              "column": 8
            },
            "end": {
              "line": 139,
              "column": 9
            }
          },
          {
            "start": {},
            "end": {}
          }
        ],
        "line": 137
      }
    },
    "s": {
      "0": 2102,
      "1": 5836,
      "2": 131,
      "3": 524,
      "4": 131,
      "5": 131,
      "6": 393,
      "7": 131,
      "8": 131,
      "9": 0,
      "10": 0,
      "11": 0,
      "12": 0,
      "13": 0,
      "14": 0,
      "15": 0,
      "16": 0,
      "17": 0,
      "18": 0,
      "19": 0,
      "20": 0,
      "21": 306,
      "22": 306,
      "23": 0,
      "24": 0,
      "25": 0,
      "26": 0,
      "27": 0,
      "28": 0,
      "29": 0,
      "30": 5399,
      "31": 5399,
      "32": 21596,
      "33": 21596,
      "34": 21596,
      "35": 3,
      "36": 3,
      "37": 0,
      "38": 0,
      "39": 2,
      "40": 9,
      "41": 0
    },
    "f": {
      "0": 2102,
      "1": 5836,
      "2": 131,
      "3": 524,
      "4": 0,
      "5": 0,
      "6": 0,
      "7": 306,
      "8": 0,
      "9": 0,
      "10": 5399,
      "11": 21596,
      "12": 3,
      "13": 3,
      "14": 0,
      "15": 2,
      "16": 9
    },
    "b": {
      "0": [
        131,
        393
      ],
      "1": [
        131,
        262
      ],
      "2": [
        0,
        0
      ],
      "3": [
        0,
        9
      ]
    },
    "_coverageSchema": "1a1c01bbd47fc00a2c39e90264f33305004495a9",
    "hash": "92d5fb4c767c5963c00b2d2845e6991ed2523064"
  },
  "C:\\Users\\vovix\\Desktop\\Folder_1\\Univ\\Xsm\\vuejsLab\\newFolder\\frontend\\src\\views\\GameView.vue": {
    "path": "C:\\Users\\vovix\\Desktop\\Folder_1\\Univ\\Xsm\\vuejsLab\\newFolder\\frontend\\src\\views\\GameView.vue",
    "statementMap": {
      "0": {
        "start": {
          "line": 13,
          "column": 4
        },
        "end": {
          "line": 21,
          "column": 5
        }
      },
      "1": {
        "start": {
          "line": 16,
          "column": 6
        },
        "end": {
          "line": 20,
          "column": 8
        }
      },
      "2": {
        "start": {
          "line": 17,
          "column": 8
        },
        "end": {
          "line": 17,
          "column": 57
        }
      },
      "3": {
        "start": {
          "line": 19,
          "column": 10
        },
        "end": {
          "line": 19,
          "column": 28
        }
      },
      "4": {
        "start": {
          "line": 26,
          "column": 6
        },
        "end": {
          "line": 26,
          "column": 65
        }
      },
      "5": {
        "start": {
          "line": 30,
          "column": 6
        },
        "end": {
          "line": 30,
          "column": 43
        }
      },
      "6": {
        "start": {
          "line": 31,
          "column": 6
        },
        "end": {
          "line": 31,
          "column": 25
        }
      },
      "7": {
        "start": {
          "line": 32,
          "column": 6
        },
        "end": {
          "line": 32,
          "column": 39
        }
      },
      "8": {
        "start": {
          "line": 35,
          "column": 6
        },
        "end": {
          "line": 37,
          "column": 7
        }
      },
      "9": {
        "start": {
          "line": 36,
          "column": 8
        },
        "end": {
          "line": 36,
          "column": 38
        }
      },
      "10": {
        "start": {
          "line": 41,
          "column": 4
        },
        "end": {
          "line": 41,
          "column": 16
        }
      },
      "11": {
        "start": {
          "line": 42,
          "column": 4
        },
        "end": {
          "line": 42,
          "column": 53
        }
      },
      "12": {
        "start": {
          "line": 45,
          "column": 4
        },
        "end": {
          "line": 45,
          "column": 56
        }
      }
    },
    "fnMap": {
      "0": {
        "name": "(anonymous_0)",
        "decl": {
          "start": {
            "line": 12,
            "column": 2
          },
          "end": {
            "line": 12,
            "column": 3
          }
        },
        "loc": {
          "start": {
            "line": 12,
            "column": 12
          },
          "end": {
            "line": 22,
            "column": 3
          }
        },
        "line": 12
      },
      "1": {
        "name": "(anonymous_1)",
        "decl": {
          "start": {
            "line": 16,
            "column": 140
          },
          "end": {
            "line": 16,
            "column": 141
          }
        },
        "loc": {
          "start": {
            "line": 16,
            "column": 152
          },
          "end": {
            "line": 18,
            "column": 7
          }
        },
        "line": 16
      },
      "2": {
        "name": "(anonymous_2)",
        "decl": {
          "start": {
            "line": 18,
            "column": 15
          },
          "end": {
            "line": 18,
            "column": 16
          }
        },
        "loc": {
          "start": {
            "line": 18,
            "column": 24
          },
          "end": {
            "line": 20,
            "column": 7
          }
        },
        "line": 18
      },
      "3": {
        "name": "(anonymous_3)",
        "decl": {
          "start": {
            "line": 24,
            "column": 4
          },
          "end": {
            "line": 24,
            "column": 5
          }
        },
        "loc": {
          "start": {
            "line": 24,
            "column": 13
          },
          "end": {
            "line": 27,
            "column": 5
          }
        },
        "line": 24
      },
      "4": {
        "name": "(anonymous_4)",
        "decl": {
          "start": {
            "line": 28,
            "column": 4
          },
          "end": {
            "line": 28,
            "column": 5
          }
        },
        "loc": {
          "start": {
            "line": 28,
            "column": 11
          },
          "end": {
            "line": 33,
            "column": 5
          }
        },
        "line": 28
      },
      "5": {
        "name": "(anonymous_5)",
        "decl": {
          "start": {
            "line": 34,
            "column": 4
          },
          "end": {
            "line": 34,
            "column": 5
          }
        },
        "loc": {
          "start": {
            "line": 34,
            "column": 18
          },
          "end": {
            "line": 38,
            "column": 5
          }
        },
        "line": 34
      },
      "6": {
        "name": "(anonymous_6)",
        "decl": {
          "start": {
            "line": 40,
            "column": 2
          },
          "end": {
            "line": 40,
            "column": 3
          }
        },
        "loc": {
          "start": {
            "line": 40,
            "column": 12
          },
          "end": {
            "line": 43,
            "column": 3
          }
        },
        "line": 40
      },
      "7": {
        "name": "(anonymous_7)",
        "decl": {
          "start": {
            "line": 44,
            "column": 2
          },
          "end": {
            "line": 44,
            "column": 3
          }
        },
        "loc": {
          "start": {
            "line": 44,
            "column": 14
          },
          "end": {
            "line": 46,
            "column": 3
          }
        },
        "line": 44
      }
    },
    "branchMap": {
      "0": {
        "loc": {
          "start": {
            "line": 13,
            "column": 4
          },
          "end": {
            "line": 21,
            "column": 5
          }
        },
        "type": "if",
        "locations": [
          {
            "start": {
              "line": 13,
              "column": 4
            },
            "end": {
              "line": 21,
              "column": 5
            }
          },
          {
            "start": {
              "line": 15,
              "column": 11
            },
            "end": {
              "line": 21,
              "column": 5
            }
          }
        ],
        "line": 13
      },
      "1": {
        "loc": {
          "start": {
            "line": 35,
            "column": 6
          },
          "end": {
            "line": 37,
            "column": 7
          }
        },
        "type": "if",
        "locations": [
          {
            "start": {
              "line": 35,
              "column": 6
            },
            "end": {
              "line": 37,
              "column": 7
            }
          },
          {
            "start": {},
            "end": {}
          }
        ],
        "line": 35
      }
    },
    "s": {
      "0": 131,
      "1": 0,
      "2": 0,
      "3": 0,
      "4": 0,
      "5": 5399,
      "6": 5399,
      "7": 5399,
      "8": 5399,
      "9": 0,
      "10": 131,
      "11": 131,
      "12": 0
    },
    "f": {
      "0": 131,
      "1": 0,
      "2": 0,
      "3": 0,
      "4": 5399,
      "5": 5399,
      "6": 131,
      "7": 0
    },
    "b": {
      "0": [
        131,
        0
      ],
      "1": [
        0,
        5399
      ]
    },
    "inputSourceMap": {
      "version": 3,
      "sources": [
        "C:\\Users\\vovix\\Desktop\\Folder_1\\Univ\\Xsm\\vuejsLab\\newFolder\\frontend\\src\\views\\GameView.vue"
      ],
      "names": [],
      "mappings": ";AAYA,CAAC,CAAC,CAAC,CAAC,CAAC,EAAE,CAAC,CAAC,CAAC,CAAC,CAAC,CAAC,CAAC,EAAE,CAAC,CAAC,CAAC,EAAE,CAAC,CAAC,CAAC,CAAC,CAAC,CAAC,CAAC,CAAC,CAAC,CAAC,CAAC,CAAC,CAAC,CAAC,CAAC,CAAC,CAAC,CAAC,CAAC,CAAC,CAAC,CAAC,CAAC,CAAC,CAAC,CAAC,CAAC,CAAC,CAAC;AAClD,CAAC,CAAC,CAAC,CAAC,CAAC,EAAE,CAAC,CAAC,CAAC,CAAC,CAAC,CAAC,CAAC,EAAE,CAAC,CAAC,CAAC,EAAE,CAAC,CAAC,CAAC,CAAC,CAAC,CAAC,CAAC,CAAC,CAAC,CAAC,CAAC,CAAC,CAAC,CAAC,CAAC,CAAC,CAAC,CAAC,CAAC,CAAC,CAAC,CAAC,CAAC,CAAC,CAAC,CAAC,CAAC,CAAC,CAAC;AAClD,CAAC,CAAC,CAAC,CAAC,CAAC,EAAE,CAAC,CAAC,CAAC,CAAC,CAAC,CAAC,CAAC,EAAE,CAAC,CAAC,CAAC,EAAE,CAAC,CAAC,CAAC,CAAC,CAAC,CAAC,CAAC;;;AAG5B,CAAC,CAAC,CAAC,CAAC,CAAC,EAAE,CAAC,CAAC,CAAC,CAAC,CAAC,CAAC,EAAE;EACb,CAAC,CAAC,CAAC,CAAC,CAAC,CAAC,CAAC,CAAC,CAAC,CAAC,EAAE;IACV,CAAC,CAAC,CAAC,CAAC,CAAC,CAAC,CAAC,CAAC;IACR,CAAC,CAAC,CAAC,CAAC,CAAC,CAAC,CAAC,CAAC;EACV,CAAC;EACD,CAAC,CAAC,CAAC,CAAC,CAAC,CAAC,CAAC,CAAC,EAAE;IACR,CAAC,EAAE,CAAC,CAAC,CAAC,CAAC,CAAC,CAAC,CAAC,CAAC,CAAC,CAAC,CAAC,CAAC,CAAC,CAAC,CAAC,CAAC,CAAC,CAAC,CAAC,CAAC,CAAC,CAAC,CAAC,CAAC,CAAC,CAAC,CAAC,CAAC,CAAC,CAAC,CAAC,CAAC,EAAE;KACpC,CAAC,EAAE,CAAC,CAAC,CAAC,CAAC,CAAC,CAAC,CAAC,CAAC,CAAC,CAAC,CAAC,CAAC,CAAC,CAAC,CAAC,CAAC,CAAC,CAAC,CAAC,CAAC,CAAC,CAAC,CAAC,EAAE,CAAC,CAAC,CAAC,CAAC,CAAC,CAAC,CAAC,CAAC;IACrC,EAAE,CAAC,CAAC,CAAC,EAAE;MACL,CAAC,CAAC,CAAC,CAAC,CAAC,CAAC,CAAC,CAAC,CAAC,CAAC,CAAC,CAAC,CAAC,CAAC,CAAC,CAAC,CAAC,CAAC,CAAC,CAAC,CAAC,CAAC,CAAC,CAAC,CAAC,CAAC,CAAC,CAAC,CAAC,CAAC,CAAC,CAAC,CAAC,CAAC,CAAC,CAAC,CAAC,CAAC,CAAC,CAAC,CAAC,CAAC,CAAC,CAAC,CAAC,CAAC,CAAC,CAAC,CAAC,CAAC,CAAC,CAAC,EAAE,EAAE,CAAC,CAAC,CAAC,CAAC,CAAC,CAAC,CAAC,EAAE,EAAE,CAAC,CAAC,CAAC,CAAC,CAAC,CAAC,CAAC,CAAC,CAAC,CAAC,CAAC,CAAC,CAAC,EAAE,CAAC,CAAC,CAAC,CAAC,CAAC,CAAC,EAAE,CAAC,CAAC,CAAC,CAAC,CAAC,CAAC,CAAC,CAAC,CAAC,CAAC,CAAC,CAAC,CAAC,CAAC,CAAC,CAAC,CAAC,CAAC,CAAC,CAAC,CAAC,CAAC,CAAC,CAAC,CAAC,CAAC,CAAC,CAAC,CAAC,CAAC,CAAC,CAAC,EAAE,EAAE,CAAC,CAAC,CAAC,CAAC,CAAC,CAAC,CAAC,CAAC,CAAC,CAAC,CAAC,CAAC,CAAC,CAAC,CAAC,EAAE,CAAC,EAAE;QAChJ,CAAC,CAAC,CAAC,CAAC,CAAC,CAAC,CAAC,CAAC,CAAC,CAAC,CAAC,CAAC,CAAC,CAAC,CAAC,CAAC,CAAC,CAAC,CAAC,CAAC,CAAC,CAAC,CAAC,CAAC,CAAC,CAAC,CAAC,CAAC,CAAC,CAAC,CAAC,CAAC,CAAC,EAAE,CAAC,CAAC,CAAC,CAAC,CAAC,CAAC,CAAC,CAAC,CAAC,CAAC,CAAC,CAAC,CAAC;MAClD,CAAC,CAAC,CAAC,CAAC,CAAC,CAAC,CAAC,CAAC,CAAC,CAAC,CAAC,CAAC,CAAC,EAAE,CAAC,EAAE;UACd,CAAC,CAAC,CAAC,CAAC,CAAC,CAAC,CAAC,CAAC,CAAC,CAAC,CAAC,CAAC,CAAC,CAAC,CAAC,CAAC,CAAC;MACrB,CAAC;IACH;EACF,CAAC;EACD,CAAC,CAAC,CAAC,CAAC,CAAC,CAAC,CAAC,EAAE;IACP,CAAC,CAAC,CAAC,CAAC,CAAC,CAAC,CAAC,EAAE;MACP,CAAC,EAAE,CAAC,CAAC,EAAE,CAAC,CAAC,CAAC,CAAC,CAAC,CAAC;MACb,CAAC,CAAC,CAAC,CAAC,CAAC,CAAC,CAAC,CAAC,CAAC,CAAC,CAAC,CAAC,CAAC,CAAC,CAAC,CAAC,CAAC,CAAC,CAAC,CAAC,CAAC,CAAC,CAAC,CAAC,CAAC,CAAC,CAAC,CAAC,CAAC,CAAC,CAAC,CAAC,CAAC,CAAC,CAAC,EAAE,CAAC,CAAC,CAAC,CAAC,CAAC,CAAC,CAAC,CAAC,CAAC,CAAC,CAAC,CAAC,CAAC,CAAC,CAAC,CAAC,CAAC,CAAC,CAAC,CAAC,CAAC;IAC5D,CAAC;IACD,CAAC,CAAC,CAAC,CAAC,CAAC,EAAE;MACL,CAAC,EAAE,CAAC,CAAC,CAAC,EAAE,CAAC,CAAC,CAAC;MACX,CAAC,CAAC,CAAC,CAAC,CAAC,CAAC,CAAC,CAAC,CAAC,CAAC,CAAC,CAAC,CAAC,CAAC,CAAC,CAAC,CAAC,CAAC,CAAC,CAAC,CAAC,CAAC,CAAC,CAAC,CAAC,CAAC,CAAC,CAAC,CAAC,CAAC,CAAC,CAAC,CAAC,CAAC,CAAC,CAAC;MACpC,CAAC,CAAC,CAAC,CAAC,CAAC,CAAC,CAAC,CAAC,CAAC,CAAC,CAAC,CAAC,CAAC,CAAC,CAAC,CAAC,CAAC,CAAC;MAClB,CAAC,CAAC,CAAC,CAAC,CAAC,CAAC,CAAC,CAAC,CAAC,CAAC,CAAC,CAAC,CAAC,CAAC,CAAC,CAAC,CAAC,CAAC,CAAC,CAAC,CAAC,CAAC,CAAC,CAAC,CAAC,CAAC,CAAC,CAAC,CAAC,CAAC,CAAC,CAAC;IAClC,CAAC;IACD,CAAC,CAAC,CAAC,CAAC,CAAC,CAAC,CAAC,CAAC,CAAC,CAAC,CAAC,CAAC,EAAE;MACZ,CAAC,EAAE,CAAC,CAAC,CAAC,CAAC,CAAC,CAAC,CAAC,CAAC,CAAC,CAAC,CAAC,CAAC,CAAC,CAAC,CAAC,CAAC,CAAC,CAAC,CAAC,CAAC,CAAC,CAAC,CAAC,CAAC,CAAC,CAAC,CAAC,CAAC,CAAC,CAAC,CAAC,CAAC,CAAC,CAAC,CAAC,CAAC,CAAC,EAAE,CAAC,EAAE,CAAC,EAAE;QAC9C,CAAC,CAAC,CAAC,CAAC,CAAC,CAAC,CAAC,CAAC,CAAC,CAAC,CAAC,CAAC,CAAC,CAAC,CAAC,CAAC,CAAC,CAAC,CAAC,CAAC,CAAC,CAAC,CAAC,CAAC,CAAC,CAAC,CAAC,CAAC,CAAC;MAC/B;IACF;EACF,CAAC;EACD,CAAC,CAAC,CAAC,CAAC,CAAC,CAAC,CAAC,CAAC,EAAE;IACR,CAAC,CAAC,CAAC,CAAC,CAAC,CAAC,CAAC,CAAC,CAAC,CAAC,CAAC;IACX,CAAC,CAAC,CAAC,CAAC,CAAC,CAAC,CAAC,CAAC,CAAC,CAAC,CAAC,CAAC,CAAC,CAAC,CAAC,CAAC,CAAC,CAAC,CAAC,CAAC,CAAC,CAAC,CAAC,CAAC,CAAC,CAAC,CAAC,CAAC,CAAC,CAAC,CAAC,CAAC,CAAC,CAAC,EAAE,CAAC,CAAC,CAAC,CAAC,CAAC,CAAC,CAAC,CAAC,CAAC,CAAC,CAAC,CAAC;EAClD,CAAC;EACD,CAAC,CAAC,CAAC,CAAC,CAAC,CAAC,CAAC,CAAC,CAAC,CAAC,EAAE;IACV,CAAC,CAAC,CAAC,CAAC,CAAC,CAAC,CAAC,CAAC,CAAC,CAAC,CAAC,CAAC,CAAC,CAAC,CAAC,CAAC,CAAC,CAAC,CAAC,CAAC,CAAC,CAAC,CAAC,CAAC,CAAC,CAAC,CAAC,CAAC,CAAC,CAAC,CAAC,CAAC,CAAC,CAAC,CAAC,CAAC,CAAC,EAAE,CAAC,CAAC,CAAC,CAAC,CAAC,CAAC,CAAC,CAAC,CAAC,CAAC,CAAC,CAAC;EACrD;AACF",
      "file": "C:/Users/vovix/Desktop/Folder_1/Univ/Xsm/vuejsLab/newFolder/frontend/src/views/GameView.vue",
      "sourceRoot": "",
      "sourcesContent": [
        "<template>\n  <div class=\"logo\">\n    <img alt=\"Vue logo\" src=\"../assets/logo.png\">\n  </div>\n\n  <div id =\"Game\">\n    <Overview /> \n    <Upgrades />\n  </div>\n</template>\n\n<script>\nimport Overview from '../components/Overview_item';\nimport Upgrades from '../components/Upgrades_item';\nimport {getAPI} from '../api'\n\n\nexport default {\n  components: {\n    Overview,\n    Upgrades,\n  },\n  mounted() {\n    if (!this.$store.getters.authorized) {\n     // this.$router.push({name: \"LogIn\"})\n    } else {\n      getAPI.get('/scores/'+this.$store.state.score_id+'/', { headers: { Authorization: `Bearer ${this.$store.state.accessToken}` } }).then(response => {\n        this.$store.commit('updateScores', response.data)\n      }).catch(error => {\n          console.log(error)\n      })\n    }\n  },\n  methods: {\n    coding() {\n      // Key pressed \n      this.$store.commit('incrementBytes', this.$store.state.bpk)\n    }, \n    loop() {\n      // Game loop\n      this.$store.commit('bytesPerSecond');\n      this.levelManger();\n      requestAnimationFrame(this.loop);\n    },\n    levelManger() {\n      if (this.$store.getters.bytesUntilLevelUp <= 0) {\n        this.$store.commit('levelUp');\n      }\n    }\n  },\n  created() {\n    this.loop();\n    window.addEventListener('keypress', this.coding);\n  },\n  unmounted() {\n    window.removeEventListener('keypress', this.coding);\n  }\n}\n</script>\n\n<style lang=\"scss\" scoped>\n\n.logo {\n  display: flex;\n  flex-direction: column;\n  align-items: center;\n}\nbody {\n  font-family: Avenir, Helvetica, Arial, sans-serif;\n}\n</style>\n"
      ]
    },
    "_coverageSchema": "1a1c01bbd47fc00a2c39e90264f33305004495a9",
    "hash": "06accb09236711c218ea850cdbe70ea065a8cb47"
  },
  "C:\\Users\\vovix\\Desktop\\Folder_1\\Univ\\Xsm\\vuejsLab\\newFolder\\frontend\\src\\components\\Overview_item.vue": {
    "path": "C:\\Users\\vovix\\Desktop\\Folder_1\\Univ\\Xsm\\vuejsLab\\newFolder\\frontend\\src\\components\\Overview_item.vue",
    "statementMap": {
      "0": {
        "start": {
          "line": 8,
          "column": 16
        },
        "end": {
          "line": 21,
          "column": 18
        }
      },
      "1": {
        "start": {
          "line": 18,
          "column": 20
        },
        "end": {
          "line": 18,
          "column": 41
        }
      },
      "2": {
        "start": {
          "line": 20,
          "column": 20
        },
        "end": {
          "line": 20,
          "column": 38
        }
      },
      "3": {
        "start": {
          "line": 26,
          "column": 16
        },
        "end": {
          "line": 26,
          "column": 59
        }
      },
      "4": {
        "start": {
          "line": 29,
          "column": 16
        },
        "end": {
          "line": 29,
          "column": 58
        }
      },
      "5": {
        "start": {
          "line": 32,
          "column": 16
        },
        "end": {
          "line": 32,
          "column": 54
        }
      },
      "6": {
        "start": {
          "line": 35,
          "column": 16
        },
        "end": {
          "line": 35,
          "column": 61
        }
      }
    },
    "fnMap": {
      "0": {
        "name": "(anonymous_0)",
        "decl": {
          "start": {
            "line": 7,
            "column": 12
          },
          "end": {
            "line": 7,
            "column": 13
          }
        },
        "loc": {
          "start": {
            "line": 7,
            "column": 24
          },
          "end": {
            "line": 22,
            "column": 13
          }
        },
        "line": 7
      },
      "1": {
        "name": "(anonymous_1)",
        "decl": {
          "start": {
            "line": 17,
            "column": 96
          },
          "end": {
            "line": 17,
            "column": 97
          }
        },
        "loc": {
          "start": {
            "line": 17,
            "column": 108
          },
          "end": {
            "line": 19,
            "column": 17
          }
        },
        "line": 17
      },
      "2": {
        "name": "(anonymous_2)",
        "decl": {
          "start": {
            "line": 19,
            "column": 25
          },
          "end": {
            "line": 19,
            "column": 26
          }
        },
        "loc": {
          "start": {
            "line": 19,
            "column": 34
          },
          "end": {
            "line": 21,
            "column": 17
          }
        },
        "line": 19
      },
      "3": {
        "name": "(anonymous_3)",
        "decl": {
          "start": {
            "line": 25,
            "column": 12
          },
          "end": {
            "line": 25,
            "column": 13
          }
        },
        "loc": {
          "start": {
            "line": 25,
            "column": 21
          },
          "end": {
            "line": 27,
            "column": 13
          }
        },
        "line": 25
      },
      "4": {
        "name": "(anonymous_4)",
        "decl": {
          "start": {
            "line": 28,
            "column": 12
          },
          "end": {
            "line": 28,
            "column": 13
          }
        },
        "loc": {
          "start": {
            "line": 28,
            "column": 19
          },
          "end": {
            "line": 30,
            "column": 13
          }
        },
        "line": 28
      },
      "5": {
        "name": "(anonymous_5)",
        "decl": {
          "start": {
            "line": 31,
            "column": 12
          },
          "end": {
            "line": 31,
            "column": 13
          }
        },
        "loc": {
          "start": {
            "line": 31,
            "column": 21
          },
          "end": {
            "line": 33,
            "column": 13
          }
        },
        "line": 31
      },
      "6": {
        "name": "(anonymous_6)",
        "decl": {
          "start": {
            "line": 34,
            "column": 12
          },
          "end": {
            "line": 34,
            "column": 13
          }
        },
        "loc": {
          "start": {
            "line": 34,
            "column": 33
          },
          "end": {
            "line": 36,
            "column": 13
          }
        },
        "line": 34
      }
    },
    "branchMap": {},
    "s": {
      "0": 6,
      "1": 0,
      "2": 0,
      "3": 437,
      "4": 131,
      "5": 131,
      "6": 437
    },
    "f": {
      "0": 6,
      "1": 0,
      "2": 0,
      "3": 437,
      "4": 131,
      "5": 131,
      "6": 437
    },
    "b": {},
    "inputSourceMap": {
      "version": 3,
      "sources": [
        "C:\\Users\\vovix\\Desktop\\Folder_1\\Univ\\Xsm\\vuejsLab\\newFolder\\frontend\\src\\components\\Overview_item.vue"
      ],
      "names": [],
      "mappings": ";AAYA,CAAC,CAAC,CAAC,CAAC,CAAC,EAAE,CAAC,CAAC,CAAC,CAAC,CAAC,CAAC,CAAC,EAAE,CAAC,CAAC,CAAC,EAAE,CAAC,CAAC,CAAC,CAAC,CAAC,CAAC,CAAC;;IAExB,CAAC,CAAC,CAAC,CAAC,CAAC,EAAE,CAAC,CAAC,CAAC,CAAC,CAAC,CAAC,EAAE;QACX,CAAC,CAAC,CAAC,CAAC,EAAE,CAAC,CAAC,CAAC,CAAC,CAAC,CAAC,CAAC,CAAC,CAAC,CAAC,CAAC,CAAC,CAAC,CAAC,CAAC;QACrB,CAAC,CAAC,CAAC,CAAC,CAAC,CAAC,CAAC,EAAE;YACL,CAAC,CAAC,CAAC,CAAC,CAAC,CAAC,CAAC,CAAC,CAAC,CAAC,EAAE;gBACR,CAAC,CAAC,CAAC,CAAC,CAAC,CAAC,CAAC,CAAC,CAAC,CAAC,CAAC,CAAC,CAAC,CAAC,CAAC,CAAC,CAAC,CAAC,CAAC,CAAC,CAAC,CAAC,EAAE;oBACpB,CAAC,CAAC,CAAC,CAAC,CAAC,EAAE,CAAC,CAAC,CAAC,CAAC,CAAC,CAAC,CAAC,CAAC,CAAC,CAAC,CAAC,CAAC,CAAC,CAAC,CAAC,CAAC,CAAC,CAAC,CAAC,CAAC,CAAC,CAAC,CAAC,CAAC,CAAC,CAAC,CAAC,CAAC,CAAC,CAAC,CAAC,CAAC,CAAC,CAAC,CAAC;oBAC1C,CAAC,CAAC,CAAC,CAAC,CAAC,CAAC,CAAC,CAAC,CAAC,CAAC,CAAC,EAAE,CAAC,CAAC,CAAC,CAAC,CAAC,CAAC,CAAC,CAAC,CAAC,CAAC,CAAC,CAAC,CAAC,CAAC,CAAC,CAAC,CAAC,CAAC,CAAC,CAAC,CAAC,CAAC,CAAC,CAAC,CAAC,CAAC,CAAC,CAAC,CAAC,CAAC,CAAC,CAAC,CAAC,CAAC,CAAC,CAAC,CAAC,CAAC,CAAC,CAAC;oBACrD,CAAC,CAAC,CAAC,CAAC,CAAC,EAAE,CAAC,CAAC,CAAC,CAAC,CAAC,CAAC,CAAC,CAAC,CAAC,CAAC,CAAC,CAAC,CAAC,CAAC,CAAC,CAAC,CAAC,CAAC,CAAC,CAAC,CAAC,CAAC,CAAC,CAAC,CAAC,CAAC,CAAC,CAAC,CAAC,CAAC;oBACrC,CAAC,CAAC,CAAC,CAAC,CAAC,CAAC,CAAC,CAAC,CAAC,CAAC,CAAC,CAAC,CAAC,CAAC,EAAE,EAAE,CAAC,CAAC,CAAC,CAAC,CAAC,CAAC,CAAC,CAAC,CAAC,CAAC,CAAC,CAAC,CAAC,CAAC,CAAC,CAAC,CAAC,CAAC,CAAC,CAAC,CAAC,CAAC,CAAC,CAAC,CAAC,CAAC,CAAC,CAAC,CAAC,CAAC,CAAC,CAAC,CAAC,CAAC,CAAC,CAAC,CAAC,CAAC;oBACxD,CAAC,CAAC,CAAC,CAAC,CAAC,CAAC,CAAC,CAAC,CAAC,CAAC,CAAC,CAAC,CAAC,CAAC,EAAE,EAAE,CAAC,CAAC,CAAC,CAAC,CAAC,CAAC,CAAC,CAAC,CAAC,CAAC,CAAC,CAAC,CAAC,CAAC,CAAC,CAAC,CAAC,CAAC,CAAC,CAAC,CAAC,CAAC,CAAC,CAAC,CAAC,CAAC,CAAC,CAAC,CAAC,CAAC,CAAC,CAAC,CAAC,CAAC,CAAC,CAAC,CAAC,CAAC;oBACxD,CAAC,CAAC,CAAC,CAAC,CAAC,CAAC,CAAC,CAAC,CAAC,CAAC,CAAC,CAAC,CAAC,CAAC,EAAE,EAAE,CAAC,CAAC,CAAC,CAAC,CAAC,CAAC,CAAC,CAAC,CAAC,CAAC,CAAC,CAAC,CAAC,CAAC,CAAC,CAAC,CAAC,CAAC,CAAC,CAAC,CAAC,CAAC,CAAC,CAAC,CAAC,CAAC,CAAC,CAAC,CAAC,CAAC,CAAC,CAAC,CAAC,CAAC,CAAC,CAAC,CAAC,CAAC;oBACxD,CAAC,CAAC,CAAC,CAAC,CAAC,CAAC,CAAC,CAAC,CAAC,CAAC,CAAC,CAAC,CAAC,CAAC,EAAE,EAAE,CAAC,CAAC,CAAC,CAAC,CAAC,CAAC,CAAC,CAAC,CAAC,CAAC,CAAC,CAAC,CAAC,CAAC,CAAC,CAAC,CAAC,CAAC,CAAC,CAAC,CAAC,CAAC,CAAC,CAAC,CAAC,CAAC,CAAC,CAAC,CAAC,CAAC,CAAC,CAAC,CAAC,CAAC,CAAC,CAAC,CAAC,CAAC;gBAC5D,CAAC;gBACD,EAAE,CAAC,CAAC,CAAC,CAAC,CAAC,CAAC,CAAC,EAAE,EAAE,CAAC,CAAC,CAAC,CAAC,CAAC,CAAC,CAAC,CAAC,CAAC,CAAC,CAAC,CAAC,CAAC,EAAE,CAAC,CAAC,CAAC,CAAC,CAAC,CAAC,EAAE,CAAC,CAAC,CAAC,CAAC,CAAC,CAAC,CAAC,CAAC,CAAC,CAAC,CAAC,CAAC,CAAC,CAAC,CAAC,CAAC,CAAC,CAAC,CAAC,CAAC,CAAC,CAAC,CAAC,CAAC,CAAC,CAAC,CAAC,CAAC,CAAC,CAAC,CAAC,CAAC,EAAE,EAAE,CAAC,CAAC,CAAC,CAAC,CAAC,CAAC,CAAC,CAAC,CAAC,CAAC,CAAC,CAAC,CAAC,CAAC,CAAC,EAAE,CAAC,EAAE;oBACxF,CAAC,CAAC,CAAC,CAAC,CAAC,CAAC,CAAC,CAAC,CAAC,CAAC,CAAC,CAAC,CAAC,CAAC,CAAC,CAAC,CAAC,CAAC,CAAC,CAAC;gBACxB,CAAC,CAAC,CAAC,CAAC,CAAC,CAAC,CAAC,CAAC,CAAC,CAAC,CAAC,CAAC,CAAC,EAAE,CAAC,EAAE;oBACd,CAAC,CAAC,CAAC,CAAC,CAAC,CAAC,CAAC,CAAC,CAAC,CAAC,CAAC,CAAC,CAAC,CAAC,CAAC,CAAC,CAAC;gBACrB,CAAC;YACL;QACJ,CAAC;QACD,CAAC,CAAC,CAAC,CAAC,CAAC,CAAC,CAAC,CAAC,EAAE;YACN,CAAC,CAAC,CAAC,CAAC,EAAE,CAAC,EAAE;gBACL,CAAC,CAAC,CAAC,CAAC,CAAC,EAAE,CAAC,CAAC,CAAC,CAAC,CAAC,CAAC,CAAC,CAAC,CAAC,CAAC,CAAC,CAAC,CAAC,CAAC,CAAC,CAAC,CAAC,CAAC,CAAC,CAAC,CAAC,CAAC,CAAC,CAAC,CAAC,CAAC,CAAC,CAAC,CAAC,CAAC,CAAC,CAAC,CAAC,CAAC,CAAC;YAC9C,CAAC;YACD,CAAC,CAAC,EAAE,CAAC,EAAE;gBACH,CAAC,CAAC,CAAC,CAAC,CAAC,EAAE,CAAC,CAAC,CAAC,CAAC,CAAC,CAAC,CAAC,CAAC,CAAC,CAAC,CAAC,CAAC,CAAC,CAAC,CAAC,CAAC,CAAC,CAAC,CAAC,CAAC,CAAC,CAAC,CAAC,CAAC,CAAC,CAAC,CAAC,CAAC,CAAC,CAAC,CAAC,CAAC,CAAC,CAAC;YAC7C,CAAC;YACD,CAAC,CAAC,CAAC,CAAC,EAAE,CAAC,EAAE;gBACL,CAAC,CAAC,CAAC,CAAC,CAAC,EAAE,CAAC,CAAC,CAAC,CAAC,CAAC,CAAC,CAAC,CAAC,CAAC,CAAC,CAAC,CAAC,CAAC,CAAC,CAAC,CAAC,CAAC,CAAC,CAAC,CAAC,CAAC,CAAC,CAAC,CAAC,CAAC,CAAC,CAAC,CAAC,CAAC,CAAC;YACzC,CAAC;YACD,CAAC,CAAC,CAAC,CAAC,CAAC,CAAC,CAAC,CAAC,CAAC,CAAC,CAAC,CAAC,CAAC,CAAC,CAAC,CAAC,EAAE,CAAC,EAAE;gBACjB,CAAC,CAAC,CAAC,CAAC,CAAC,EAAE,CAAC,CAAC,CAAC,CAAC,CAAC,CAAC,CAAC,CAAC,CAAC,CAAC,CAAC,CAAC,CAAC,CAAC,CAAC,CAAC,CAAC,CAAC,CAAC,CAAC,CAAC,CAAC,CAAC,CAAC,CAAC,CAAC,CAAC,CAAC,CAAC,CAAC,CAAC,CAAC,CAAC,CAAC,CAAC,CAAC,CAAC;YAChD;QACJ;IACJ",
      "file": "C:/Users/vovix/Desktop/Folder_1/Univ/Xsm/vuejsLab/newFolder/frontend/src/components/Overview_item.vue",
      "sourceRoot": "",
      "sourcesContent": [
        "<template>\r\n    <div class=\"overview_item\">\r\n        <h3>Current Bytes</h3>\r\n        <button class=\"inc-bytes\" @click=\"this.$store.commit('incrementBytes', this.$store.state.bpk)\">{{ bytes }}</button>\r\n        <div class=\"bps\">Bytes Per Second: {{ bps}}</div>\r\n        <div class=\"level\">Current Level: {{ level }}</div>\r\n        <div class=\"next-level\">Bytes Until Next Level: {{ bytesUntilLevelUp }}</div>\r\n        <button class=\"bytes\" @click=\"saveScore\">Save</button>\r\n    </div>\r\n</template>\r\n\r\n<script>\r\nimport {getAPI} from '../api'\r\n\r\n    export default {\r\n        name: 'overview_item',\r\n        methods: {\r\n            saveScore() {\r\n                getAPI.post('/scores/', {\r\n                    bytes: Math.floor(this.$store.state.bytes),\r\n                    total_bytes: Math.floor(this.$store.state.totalBytes),\r\n                    level: this.$store.state.player.level,\r\n                    intern_quantity : this.$store.state.upgrades[0].quantity,\r\n                    junior_quantity : this.$store.state.upgrades[1].quantity,\r\n                    middle_quantity : this.$store.state.upgrades[2].quantity,\r\n                    senior_quantity : this.$store.state.upgrades[3].quantity,\r\n                },\r\n                { headers: { Authorization: `Bearer ${this.$store.state.accessToken}` } }).then(response => {\r\n                    console.log(response)\r\n                }).catch(error => {\r\n                    console.log(error)\r\n                })\r\n            }\r\n        },\r\n        computed: {\r\n            bytes () {\r\n                return Math.round(this.$store.state.bytes);\r\n            },\r\n            bps () {\r\n                return (this.$store.state.bps).toFixed(1);\r\n            },\r\n            level () {\r\n                return this.$store.state.player.level;\r\n            },\r\n            bytesUntilLevelUp () {\r\n                return this.$store.getters.bytesUntilLevelUp;\r\n            }\r\n        }\r\n    }\r\n</script>\r\n\r\n<style lang=\"scss\">\r\n.overview_item {\r\n    display: flex;\r\n    flex-direction: column;\r\n    align-items: center;\r\n    padding: 25px;\r\n\r\n    h3 {\r\n        color: #222;\r\n        font-size: 24px;\r\n        font-weight: 400;\r\n        margin-bottom: 15px;\r\n    }\r\n\r\n    .bytes {\r\n        width: 100%;\r\n        min-width: 200px;\r\n        max-width: fit-content;\r\n        padding: 15px 25px;\r\n        background-color: #28A484;\r\n        border-radius: 10px;\r\n\r\n        color: #FFF;\r\n        font-size: 48px;\r\n        font-weight: 900;\r\n        text-align: center;\r\n        margin-bottom: 30px; \r\n\r\n        cursor: pointer;\r\n    }\r\n\r\n    .inc-bytes {\r\n        width: 100%;\r\n        min-width: 200px;\r\n        max-width: fit-content;\r\n        padding: 15px 25px;\r\n        background-color: #28A484;\r\n        border-radius: 10px;\r\n\r\n        color: #FFF;\r\n        font-size: 48px;\r\n        font-weight: 900;\r\n        text-align: center;\r\n        margin-bottom: 30px; \r\n\r\n        cursor: pointer;\r\n    }\r\n\r\n    .bps,\r\n    .level,\r\n    .next-level {\r\n        margin-bottom: 15px;\r\n\r\n        color: #222;\r\n        font-size: 18px;\r\n        font-weight: 500;\r\n        text-align: center;\r\n    }\r\n    \r\n}\r\n</style>"
      ]
    },
    "_coverageSchema": "1a1c01bbd47fc00a2c39e90264f33305004495a9",
    "hash": "c352e3f177b2bfefe162e96c40691219c8819557"
  },
  "C:\\Users\\vovix\\Desktop\\Folder_1\\Univ\\Xsm\\vuejsLab\\newFolder\\frontend\\src\\components\\Upgrades_item.vue": {
    "path": "C:\\Users\\vovix\\Desktop\\Folder_1\\Univ\\Xsm\\vuejsLab\\newFolder\\frontend\\src\\components\\Upgrades_item.vue",
    "statementMap": {
      "0": {
        "start": {
          "line": 6,
          "column": 12
        },
        "end": {
          "line": 6,
          "column": 57
        }
      },
      "1": {
        "start": {
          "line": 11,
          "column": 12
        },
        "end": {
          "line": 14,
          "column": 15
        }
      }
    },
    "fnMap": {
      "0": {
        "name": "(anonymous_0)",
        "decl": {
          "start": {
            "line": 5,
            "column": 8
          },
          "end": {
            "line": 5,
            "column": 9
          }
        },
        "loc": {
          "start": {
            "line": 5,
            "column": 25
          },
          "end": {
            "line": 7,
            "column": 9
          }
        },
        "line": 5
      },
      "1": {
        "name": "(anonymous_1)",
        "decl": {
          "start": {
            "line": 10,
            "column": 8
          },
          "end": {
            "line": 10,
            "column": 9
          }
        },
        "loc": {
          "start": {
            "line": 10,
            "column": 27
          },
          "end": {
            "line": 15,
            "column": 9
          }
        },
        "line": 10
      }
    },
    "branchMap": {},
    "s": {
      "0": 131,
      "1": 0
    },
    "f": {
      "0": 131,
      "1": 0
    },
    "b": {},
    "inputSourceMap": {
      "version": 3,
      "sources": [
        "C:\\Users\\vovix\\Desktop\\Folder_1\\Univ\\Xsm\\vuejsLab\\newFolder\\frontend\\src\\components\\Upgrades_item.vue"
      ],
      "names": [],
      "mappings": ";AAmBA,CAAC,CAAC,CAAC,CAAC,CAAC,EAAE,CAAC,CAAC,CAAC,CAAC,CAAC,CAAC,EAAE;IACX,CAAC,CAAC,CAAC,CAAC,EAAE,CAAC,CAAC,CAAC,CAAC,CAAC,CAAC,CAAC,CAAC,CAAC,CAAC,CAAC,CAAC,CAAC,CAAC,CAAC;IACrB,CAAC,CAAC,CAAC,CAAC,CAAC,CAAC,CAAC,CAAC,EAAE;QACN,CAAC,CAAC,CAAC,CAAC,CAAC,CAAC,CAAC,CAAC,CAAC,CAAC,CAAC,CAAC,EAAE,CAAC,EAAE;YACb,CAAC,CAAC,CAAC,CAAC,CAAC,EAAE,CAAC,CAAC,CAAC,CAAC,CAAC,CAAC,CAAC,CAAC,CAAC,CAAC,CAAC,CAAC,CAAC,CAAC,CAAC,CAAC,CAAC,CAAC,CAAC,CAAC,CAAC,CAAC,CAAC,CAAC,CAAC,CAAC,CAAC,CAAC,CAAC,CAAC,CAAC,CAAC,CAAC,CAAC,CAAC,CAAC,CAAC;QAChD;IACJ,CAAC;IACD,CAAC,CAAC,CAAC,CAAC,CAAC,CAAC,CAAC,EAAE;QACL,CAAC,CAAC,CAAC,CAAC,CAAC,CAAC,CAAC,CAAC,CAAC,EAAE,CAAC,CAAC,CAAC,CAAC,CAAC,CAAC,EAAE;YACf,CAAC,CAAC,CAAC,CAAC,CAAC,CAAC,CAAC,CAAC,CAAC,CAAC,CAAC,CAAC,CAAC,CAAC,CAAC,CAAC,CAAC,CAAC,CAAC,CAAC,CAAC,CAAC,CAAC,CAAC,CAAC,CAAC,CAAC,CAAC,CAAC,CAAC,CAAC,EAAE;gBAC7B,CAAC,CAAC,CAAC,CAAC,CAAC;gBACL,CAAC,CAAC,CAAC,CAAC,CAAC,CAAC,EAAE;YACZ,CAAC,CAAC;QACN;IACJ;AACJ",
      "file": "C:/Users/vovix/Desktop/Folder_1/Univ/Xsm/vuejsLab/newFolder/frontend/src/components/Upgrades_item.vue",
      "sourceRoot": "",
      "sourcesContent": [
        "<template>\r\n    <div class=\"upgrades_item\">\r\n     <div \r\n     v-for=\"(upgrade, index) in upgrades_item\"\r\n     :key=\"index\" \r\n     class=\"upgrade\"\r\n     >\r\n      <button :class=\"`button ${upgrade.disabled ? 'disabled' : ''}`\" @click=\"() => buyUpgrade(index)\">\r\n            {{ upgrade.name }} {{ upgrade.disabled ? `(lvl: ${upgrade.unlocksAt})` : '' }}\r\n      </button>\r\n      <div class=\"details\">\r\n        <div class=\"cost\">Cost: {{ upgrade.cost }} </div>\r\n        <div class=\"quantity\">Quantity: {{ upgrade.quantity }} </div>\r\n      </div>\r\n     </div>\r\n    </div>\r\n</template>\r\n\r\n<script>\r\nexport default {\r\n    name: 'upgrades_item',\r\n    computed: {\r\n        upgrades_item () {\r\n            return this.$store.getters.availableUpgrades;\r\n        }\r\n    },\r\n    methods: {\r\n        buyUpgrade (index) {\r\n            this.$store.commit('buyUpgrade', {\r\n                index,\r\n                amount: 1\r\n            });\r\n        }\r\n    }\r\n}\r\n</script>\r\n\r\n<style lang=\"scss\">\r\n .upgrades_item {\r\n    background-color: #222;\r\n    padding: 25px;\r\n\r\n    .upgrade {\r\n        display: flex;\r\n        justify-content: center;\r\n        align-items: center;\r\n        margin: 0px -15px 15px;\r\n        \r\n\r\n        .button,\r\n        .cost,\r\n        .quantity {\r\n            color: #FFF;\r\n            margin: 0px 15px;\r\n        }\r\n\r\n        .button {\r\n            appearance: none;\r\n            border: none;\r\n            outline: none;\r\n            background: none;\r\n            \r\n            display: inline-block;\r\n            min-width: 250px;\r\n            padding: 15px 25px;\r\n            background-color: #28A484;\r\n\r\n            border-radius: 10px;\r\n\r\n            color: #FFF;\r\n            font-size: 20px;\r\n            font-weight: 700;\r\n            text-align: center;\r\n            text-transform: uppercase;\r\n\r\n            cursor: pointer;\r\n\r\n            &.disabled {\r\n                color: #222;\r\n                background-color: #CCC;\r\n                pointer-events: none;\r\n            }\r\n        }\r\n    }\r\n }   \r\n</style>"
      ]
    },
    "_coverageSchema": "1a1c01bbd47fc00a2c39e90264f33305004495a9",
    "hash": "d3b8720a1e3486deedce8fe6c50d3adebbb3e775"
  },
  "C:\\Users\\vovix\\Desktop\\Folder_1\\Univ\\Xsm\\vuejsLab\\newFolder\\frontend\\src\\views\\LeaderboardView.vue": {
    "path": "C:\\Users\\vovix\\Desktop\\Folder_1\\Univ\\Xsm\\vuejsLab\\newFolder\\frontend\\src\\views\\LeaderboardView.vue",
    "statementMap": {
      "0": {
        "start": {
          "line": 6,
          "column": 4
        },
        "end": {
          "line": 8,
          "column": 5
        }
      },
      "1": {
        "start": {
          "line": 11,
          "column": 4
        },
        "end": {
          "line": 11,
          "column": 21
        }
      },
      "2": {
        "start": {
          "line": 15,
          "column": 6
        },
        "end": {
          "line": 15,
          "column": 70
        }
      },
      "3": {
        "start": {
          "line": 15,
          "column": 42
        },
        "end": {
          "line": 15,
          "column": 69
        }
      }
    },
    "fnMap": {
      "0": {
        "name": "(anonymous_0)",
        "decl": {
          "start": {
            "line": 5,
            "column": 2
          },
          "end": {
            "line": 5,
            "column": 3
          }
        },
        "loc": {
          "start": {
            "line": 5,
            "column": 10
          },
          "end": {
            "line": 9,
            "column": 3
          }
        },
        "line": 5
      },
      "1": {
        "name": "(anonymous_1)",
        "decl": {
          "start": {
            "line": 10,
            "column": 2
          },
          "end": {
            "line": 10,
            "column": 3
          }
        },
        "loc": {
          "start": {
            "line": 10,
            "column": 12
          },
          "end": {
            "line": 12,
            "column": 3
          }
        },
        "line": 10
      },
      "2": {
        "name": "(anonymous_2)",
        "decl": {
          "start": {
            "line": 14,
            "column": 4
          },
          "end": {
            "line": 14,
            "column": 5
          }
        },
        "loc": {
          "start": {
            "line": 14,
            "column": 16
          },
          "end": {
            "line": 16,
            "column": 5
          }
        },
        "line": 14
      },
      "3": {
        "name": "(anonymous_3)",
        "decl": {
          "start": {
            "line": 15,
            "column": 30
          },
          "end": {
            "line": 15,
            "column": 31
          }
        },
        "loc": {
          "start": {
            "line": 15,
            "column": 42
          },
          "end": {
            "line": 15,
            "column": 69
          }
        },
        "line": 15
      }
    },
    "branchMap": {},
    "s": {
      "0": 107,
      "1": 107,
      "2": 107,
      "3": 55
    },
    "f": {
      "0": 107,
      "1": 107,
      "2": 107,
      "3": 55
    },
    "b": {},
    "inputSourceMap": {
      "version": 3,
      "sources": [
        "C:\\Users\\vovix\\Desktop\\Folder_1\\Univ\\Xsm\\vuejsLab\\newFolder\\frontend\\src\\views\\LeaderboardView.vue"
      ],
      "names": [],
      "mappings": ";AAuBA,CAAC,CAAC,CAAC,CAAC,CAAC,EAAE,CAAC,CAAC,CAAC,CAAC,CAAC,CAAC,CAAC,EAAE,CAAC,CAAC,CAAC,EAAE,CAAC,CAAC,CAAC,CAAC,CAAC,CAAC,CAAC;;AAE5B,CAAC,CAAC,CAAC,CAAC,CAAC,EAAE,CAAC,CAAC,CAAC,CAAC,CAAC,CAAC,EAAE;EACb,CAAC,CAAC,CAAC,EAAE,CAAC,EAAE;IACN,CAAC,CAAC,CAAC,CAAC,CAAC,EAAE;MACL,CAAC,CAAC,CAAC,CAAC,CAAC,CAAC,EAAE,CAAC,CAAC;IACZ;EACF,CAAC;EACD,CAAC,CAAC,CAAC,CAAC,CAAC,CAAC,EAAE,CAAC,CAAC;IACR,CAAC,CAAC,CAAC,CAAC,CAAC,CAAC,CAAC,CAAC,CAAC,CAAC,CAAC,CAAC,CAAC,CAAC,CAAC,CAAC;EAClB,CAAC;EACD,CAAC,CAAC,CAAC,CAAC,CAAC,CAAC,CAAC,EAAE;IACP,CAAC,CAAC,CAAC,CAAC,CAAC,CAAC,CAAC,CAAC,CAAC,CAAC,EAAE;MACV,CAAC,CAAC,CAAC,CAAC,CAAC,CAAC,CAAC,CAAC,CAAC,CAAC,CAAC,CAAC,CAAC,CAAC,CAAC,CAAC,CAAC,CAAC,CAAC,CAAC,CAAC,CAAC,CAAC,CAAC,CAAC,CAAC,CAAC,CAAC,CAAC,CAAC,CAAC,EAAE,CAAC,EAAE,CAAC,CAAC,CAAC,CAAC,CAAC,CAAC,CAAC,CAAC,CAAC,CAAC,EAAE,EAAE,CAAC,CAAC,CAAC,CAAC,CAAC,CAAC,CAAC,CAAC,CAAC,CAAC,CAAC,CAAC,CAAC;IACjE,CAAC;EACH;AACF",
      "file": "C:/Users/vovix/Desktop/Folder_1/Univ/Xsm/vuejsLab/newFolder/frontend/src/views/LeaderboardView.vue",
      "sourceRoot": "",
      "sourcesContent": [
        "<template>\r\n    <body>\r\n        <h1>Leaderboard</h1>\r\n        <table class=\"leaderboard-table\">\r\n            <tr>\r\n                <th>Name</th>\r\n                <th>Level</th>\r\n                <th>Total Bytes</th>\r\n                <th>Bytes</th>\r\n\r\n            </tr>\r\n                <tr v-for=\"score in scores\" :key=\"score.id\">\r\n                    <td>{{score.user}}</td>\r\n                    <td>{{score.level}}</td>\r\n                    <td>{{score.total_bytes}}</td>\r\n                    <td>{{score.bytes}}</td>\r\n\r\n                </tr>\r\n        </table>\r\n    </body>\r\n</template>\r\n\r\n<script>\r\nimport {getAPI} from '../api'\r\n\r\nexport default {\r\n  data () {\r\n    return {\r\n      scores: [],\r\n    }\r\n  },\r\n  mounted (){\r\n    this.getScores();\r\n  },\r\n  methods: {\r\n    getScores() {\r\n      getAPI('/scores/').then(response => this.scores = response.data)\r\n    },\r\n  }\r\n}\r\n</script>\r\n\r\n<style scoped>\r\ntable {\r\n  border-collapse: collapse;\r\n  width: 100%;\r\n}\r\n\r\nth, td {\r\n  text-align: left;\r\n  padding: 8px;\r\n}\r\n\r\nth {\r\n  background-color: #28A484;\r\n  color: white;\r\n}\r\n\r\ntr:nth-child(even) {background-color: #f2f2f2;}\r\n</style>"
      ]
    },
    "_coverageSchema": "1a1c01bbd47fc00a2c39e90264f33305004495a9",
    "hash": "af402f3b97bd8c471a15365b7033d48fc1714d37"
  },
  "C:\\Users\\vovix\\Desktop\\Folder_1\\Univ\\Xsm\\vuejsLab\\newFolder\\frontend\\src\\views\\LogInView.vue": {
    "path": "C:\\Users\\vovix\\Desktop\\Folder_1\\Univ\\Xsm\\vuejsLab\\newFolder\\frontend\\src\\views\\LogInView.vue",
    "statementMap": {
      "0": {
        "start": {
          "line": 4,
          "column": 8
        },
        "end": {
          "line": 8,
          "column": 9
        }
      },
      "1": {
        "start": {
          "line": 13,
          "column": 12
        },
        "end": {
          "line": 21,
          "column": 14
        }
      },
      "2": {
        "start": {
          "line": 17,
          "column": 16
        },
        "end": {
          "line": 17,
          "column": 49
        }
      },
      "3": {
        "start": {
          "line": 19,
          "column": 16
        },
        "end": {
          "line": 19,
          "column": 73
        }
      },
      "4": {
        "start": {
          "line": 20,
          "column": 16
        },
        "end": {
          "line": 20,
          "column": 34
        }
      }
    },
    "fnMap": {
      "0": {
        "name": "(anonymous_0)",
        "decl": {
          "start": {
            "line": 3,
            "column": 4
          },
          "end": {
            "line": 3,
            "column": 5
          }
        },
        "loc": {
          "start": {
            "line": 3,
            "column": 11
          },
          "end": {
            "line": 9,
            "column": 5
          }
        },
        "line": 3
      },
      "1": {
        "name": "(anonymous_1)",
        "decl": {
          "start": {
            "line": 12,
            "column": 8
          },
          "end": {
            "line": 12,
            "column": 9
          }
        },
        "loc": {
          "start": {
            "line": 12,
            "column": 16
          },
          "end": {
            "line": 22,
            "column": 9
          }
        },
        "line": 12
      },
      "2": {
        "name": "(anonymous_2)",
        "decl": {
          "start": {
            "line": 16,
            "column": 20
          },
          "end": {
            "line": 16,
            "column": 21
          }
        },
        "loc": {
          "start": {
            "line": 16,
            "column": 26
          },
          "end": {
            "line": 18,
            "column": 13
          }
        },
        "line": 16
      },
      "3": {
        "name": "(anonymous_3)",
        "decl": {
          "start": {
            "line": 18,
            "column": 21
          },
          "end": {
            "line": 18,
            "column": 22
          }
        },
        "loc": {
          "start": {
            "line": 18,
            "column": 30
          },
          "end": {
            "line": 21,
            "column": 13
          }
        },
        "line": 18
      }
    },
    "branchMap": {},
    "s": {
      "0": 77,
      "1": 3,
      "2": 0,
      "3": 2,
      "4": 0
    },
    "f": {
      "0": 77,
      "1": 3,
      "2": 0,
      "3": 2
    },
    "b": {},
    "inputSourceMap": {
      "version": 3,
      "sources": [
        "C:\\Users\\vovix\\Desktop\\Folder_1\\Univ\\Xsm\\vuejsLab\\newFolder\\frontend\\src\\views\\LogInView.vue"
      ],
      "names": [],
      "mappings": ";AAkBA,CAAC,CAAC,CAAC,CAAC,CAAC,EAAE,CAAC,CAAC,CAAC,CAAC,CAAC,CAAC,EAAE;IACX,CAAC,CAAC,CAAC,CAAC,CAAC,EAAE;QACH,CAAC,CAAC,CAAC,CAAC,CAAC,EAAE;YACH,CAAC,CAAC,CAAC,CAAC,CAAC,EAAE,CAAC,CAAC;YACT,CAAC,CAAC,CAAC,CAAC,CAAC,CAAC,CAAC,CAAC,EAAE,CAAC,CAAC;YACZ,CAAC,CAAC,CAAC,CAAC,CAAC,CAAC,CAAC,CAAC,CAAC,CAAC,EAAE,CAAC,CAAC;QAClB;IACJ,CAAC;;IAED,CAAC,CAAC,CAAC,CAAC,CAAC,CAAC,CAAC,EAAE;QACL,CAAC,CAAC,CAAC,CAAC,CAAC,CAAC,EAAE;YACJ,CAAC,CAAC,CAAC,CAAC,CAAC,CAAC,CAAC,CAAC,CAAC,CAAC,CAAC,CAAC,CAAC,CAAC,CAAC,CAAC,CAAC,CAAC,CAAC,CAAC,CAAC,CAAC,CAAC,CAAC,CAAC,CAAC,CAAC,CAAC,CAAC,CAAC,CAAC,CAAC,EAAE;gBAC9B,CAAC,CAAC,CAAC,CAAC,CAAC,EAAE,CAAC,CAAC,CAAC,CAAC,CAAC,CAAC,CAAC,CAAC,CAAC,CAAC;gBACjB,CAAC,CAAC,CAAC,CAAC,CAAC,CAAC,CAAC,CAAC,EAAE,CAAC,CAAC,CAAC,CAAC,CAAC,CAAC,CAAC,CAAC,CAAC,CAAC,CAAC,CAAC,CAAC;YAC3B,CAAC,CAAC,CAAC,CAAC,CAAC,CAAC,CAAC,CAAC,CAAC,EAAE,CAAC,EAAE;gBACV,CAAC,CAAC,CAAC,CAAC,CAAC,CAAC,CAAC,CAAC,CAAC,CAAC,CAAC,CAAC,CAAC,CAAC,CAAC,CAAC,CAAC,CAAC,CAAC,CAAC,CAAC,CAAC,CAAC,EAAE,CAAC,CAAC,CAAC,CAAC,CAAC,CAAC,CAAC;YACpC,CAAC,CAAC,CAAC,CAAC,CAAC,CAAC,CAAC,CAAC,CAAC,CAAC,CAAC,CAAC,CAAC,EAAE,CAAC,EAAE;gBACd,CAAC,CAAC,CAAC,CAAC,CAAC,CAAC,CAAC,CAAC,CAAC,CAAC,CAAC,CAAC,CAAC,CAAC,EAAE,EAAE,CAAC,CAAC,CAAC,CAAC,CAAC,CAAC,CAAC,CAAC,CAAC,CAAC,CAAC,CAAC,CAAC,CAAC,CAAC,CAAC,CAAC,CAAC,CAAC,CAAC,CAAC,CAAC,CAAC,CAAC,CAAC,CAAC,CAAC,CAAC,CAAC,CAAC,CAAC,CAAC,CAAC,CAAC,CAAC,CAAC,CAAC,CAAC;gBACxD,CAAC,CAAC,CAAC,CAAC,CAAC,CAAC,CAAC,CAAC,CAAC,CAAC,CAAC,CAAC,CAAC,CAAC,CAAC,CAAC,CAAC;YACrB,CAAC;QACL;IACJ;AACJ",
      "file": "C:/Users/vovix/Desktop/Folder_1/Univ/Xsm/vuejsLab/newFolder/frontend/src/views/LogInView.vue",
      "sourceRoot": "",
      "sourcesContent": [
        "<template>\r\n    <div id=\"login\">\r\n        <body>\r\n            <h1>Log In</h1>\r\n            <p v-if=\"error_text\">{{error_text}}</p>\r\n            <form class=\"login-form\" @submit.prevent=\"login\">\r\n                <input type=\"email\" class = \"login-email\" placeholder=\"Email\" required v-model=\"email\"/>\r\n                <input type=\"password\" class = \"login-password\" placeholder=\"Password\" required v-model=\"password\"/>\r\n            <div class=\"submit\">\r\n                <button class=\"login-btn\">Log In</button>\r\n            </div>\r\n            </form>\r\n        </body>\r\n    </div>\r\n</template>\r\n\r\n\r\n<script>\r\nexport default {\r\n    data() {\r\n        return {\r\n            email: \"\",\r\n            password: \"\",\r\n            error_text: \"\",\r\n        }\r\n    },\r\n\r\n    methods: {\r\n        login() {\r\n            this.$store.dispatch('userLogin', {\r\n                email: this.email,\r\n                password: this.password,\r\n            }).then(() => {\r\n                this.$router.push({name: 'Game'})\r\n            }).catch(error => {\r\n                this.error_text = error.response.data.non_field_errors[0]\r\n                console.log(error)\r\n            })\r\n        }\r\n    }\r\n}\r\n</script>\r\n\r\n\r\n<style scoped>\r\ninput{\r\n\tbackground: #e0dede;\r\n\tjustify-content: center;\r\n\tdisplay: flex;\r\n\tmargin: 20px;\r\n\tpadding: 10px;\r\n\tborder: none;\r\n\tborder-radius: 5px;\r\n}\r\n\r\nbutton {\r\n    background-color: #28A484;\r\n    border-radius: 8px;\r\n    margin: 20px;\r\n    padding: 10px;\r\n    color: #FFF;\r\n    display: flex;\r\n    text-align: center;\r\n}\r\n</style>"
      ]
    },
    "_coverageSchema": "1a1c01bbd47fc00a2c39e90264f33305004495a9",
    "hash": "d737fa9b0b70a04164842304349b093b90074fcb"
  },
  "C:\\Users\\vovix\\Desktop\\Folder_1\\Univ\\Xsm\\vuejsLab\\newFolder\\frontend\\src\\views\\LogOutView.vue": {
    "path": "C:\\Users\\vovix\\Desktop\\Folder_1\\Univ\\Xsm\\vuejsLab\\newFolder\\frontend\\src\\views\\LogOutView.vue",
    "statementMap": {
      "0": {
        "start": {
          "line": 4,
          "column": 6
        },
        "end": {
[...]
          },
          "end": {
            "line": 3,
            "column": 22
          }
        },
        "loc": {
          "start": {
            "line": 3,
            "column": 37
          },
          "end": {
            "line": 5,
            "column": 1
          }
        },
        "line": 3
      }
    },
    "branchMap": {},
    "s": {
      "0": 15
    },
    "f": {
      "0": 15
    },
    "b": {},
    "inputSourceMap": {
      "version": 3,
      "sources": [
        "C:\\Users\\vovix\\Desktop\\Folder_1\\Univ\\Xsm\\vuejsLab\\newFolder\\frontend\\src\\views\\NotFoundView.vue"
      ],
      "names": [],
      "mappings": ";;;wBACE,oBAA2B,YAAvB,oBAAkB",
      "file": "C:/Users/vovix/Desktop/Folder_1/Univ/Xsm/vuejsLab/newFolder/frontend/src/views/NotFoundView.vue",
      "sourceRoot": "",
      "sourcesContent": [
        "<template>\r\n  <h1>404 Page not found</h1>\r\n</template>"
      ]
    },
    "_coverageSchema": "1a1c01bbd47fc00a2c39e90264f33305004495a9",
    "hash": "ec2a133862f2f4e45b6ae4a4f2e22a23e65a758d"
  },
  "C:\\Users\\vovix\\Desktop\\Folder_1\\Univ\\Xsm\\vuejsLab\\newFolder\\frontend\\src\\views\\RegistrationView.vue": {
    "path": "C:\\Users\\vovix\\Desktop\\Folder_1\\Univ\\Xsm\\vuejsLab\\newFolder\\frontend\\src\\views\\RegistrationView.vue",
    "statementMap": {
      "0": {
        "start": {
          "line": 6,
          "column": 8
        },
        "end": {
          "line": 14,
          "column": 9
        }
      },
      "1": {
        "start": {
          "line": 19,
          "column": 12
        },
        "end": {
          "line": 26,
          "column": 14
        }
      }
    },
    "fnMap": {
      "0": {
        "name": "(anonymous_0)",
        "decl": {
          "start": {
            "line": 5,
            "column": 4
          },
          "end": {
            "line": 5,
            "column": 5
          }
        },
        "loc": {
          "start": {
            "line": 5,
            "column": 11
          },
          "end": {
            "line": 15,
            "column": 5
          }
        },
        "line": 5
      },
      "1": {
        "name": "(anonymous_1)",
        "decl": {
          "start": {
            "line": 18,
            "column": 8
          },
          "end": {
            "line": 18,
            "column": 9
          }
        },
        "loc": {
          "start": {
            "line": 18,
            "column": 23
          },
          "end": {
            "line": 28,
            "column": 9
          }
        },
        "line": 18
      }
    },
    "branchMap": {},
    "s": {
      "0": 57,
      "1": 2
    },
    "f": {
      "0": 57,
      "1": 2
    },
    "b": {},
    "inputSourceMap": {
      "version": 3,
      "sources": [
        "C:\\Users\\vovix\\Desktop\\Folder_1\\Univ\\Xsm\\vuejsLab\\newFolder\\frontend\\src\\views\\RegistrationView.vue"
      ],
      "names": [],
      "mappings": ";AA2BA,CAAC,CAAC,CAAC,CAAC,CAAC,EAAE,CAAC,CAAC,CAAC,CAAC,CAAC,CAAC,CAAC,EAAE,CAAC,CAAC,CAAC,EAAE,CAAC,CAAC,CAAC,CAAC,CAAC,CAAC,CAAC;;AAE5B,CAAC,CAAC,CAAC,CAAC,CAAC,EAAE,CAAC,CAAC,CAAC,CAAC,CAAC,CAAC,EAAE;IACX,CAAC,CAAC,CAAC,CAAC,CAAC,EAAE;QACH,CAAC,CAAC,CAAC,CAAC,CAAC,EAAE;YACH,CAAC,CAAC,CAAC,CAAC,CAAC,EAAE,CAAC,CAAC;YACT,CAAC,CAAC,CAAC,CAAC,CAAC,CAAC,CAAC,CAAC,EAAE,CAAC,CAAC;YACZ,CAAC,CAAC,CAAC,CAAC,CAAC,CAAC,CAAC,CAAC,EAAE,CAAC,CAAC;YACZ,CAAC,CAAC,CAAC,CAAC,CAAC,CAAC,CAAC,CAAC,CAAC,EAAE,CAAC,CAAC;YACb,CAAC,CAAC,CAAC,CAAC,CAAC,CAAC,CAAC,CAAC,CAAC,CAAC,EAAE,CAAC,CAAC;YACd,CAAC,CAAC,CAAC,CAAC,CAAC,CAAC,EAAE,CAAC,CAAC;YACV,CAAC,CAAC,CAAC,CAAC,CAAC,CAAC,EAAE,CAAC,CAAC;QACd;IACJ,CAAC;;IAED,CAAC,CAAC,CAAC,CAAC,CAAC,CAAC,CAAC,EAAE;QACL,CAAC,CAAC,CAAC,CAAC,CAAC,CAAC,CAAC,CAAC,CAAC,CAAC,CAAC,CAAC,CAAC,EAAE;YACX,CAAC,CAAC,CAAC,CAAC,CAAC,CAAC,CAAC,CAAC,CAAC,CAAC,CAAC,CAAC,CAAC,CAAC,CAAC,CAAC,CAAC,CAAC,CAAC,CAAC,CAAC,CAAC,CAAC,CAAC,CAAC,CAAC,CAAC,CAAC,EAAE;gBAC1B,CAAC,CAAC,CAAC,CAAC,CAAC,EAAE,CAAC,CAAC,CAAC,CAAC,CAAC,CAAC,CAAC,CAAC,CAAC,CAAC;gBACjB,CAAC,CAAC,CAAC,CAAC,CAAC,CAAC,CAAC,CAAC,EAAE,CAAC,CAAC,CAAC,CAAC,CAAC,CAAC,CAAC,CAAC,CAAC,CAAC,CAAC,CAAC,CAAC;gBACvB,CAAC,CAAC,CAAC,CAAC,CAAC,CAAC,CAAC,CAAC,EAAE,CAAC,CAAC,CAAC,CAAC,CAAC,CAAC,CAAC,CAAC,CAAC,CAAC,CAAC,CAAC,CAAC;gBACvB,CAAC,CAAC,CAAC,CAAC,CAAC,CAAC,CAAC,CAAC,CAAC,EAAE,CAAC,CAAC,CAAC,CAAC,CAAC,CAAC,CAAC,CAAC,CAAC,CAAC,CAAC,CAAC,CAAC,CAAC;gBACzB,CAAC,CAAC,CAAC,CAAC,CAAC,CAAC,CAAC,CAAC,CAAC,CAAC,EAAE,CAAC,CAAC,CAAC,CAAC,CAAC,CAAC,CAAC,CAAC,CAAC,CAAC,CAAC,CAAC,CAAC,CAAC,CAAC;gBAC3B,CAAC,CAAC,CAAC,CAAC,CAAC,CAAC,EAAE,CAAC,CAAC,CAAC,CAAC,CAAC,CAAC,CAAC,CAAC,CAAC,CAAC,CAAC;YACvB,CAAC;;QAEL;IACJ;AACJ",
      "file": "C:/Users/vovix/Desktop/Folder_1/Univ/Xsm/vuejsLab/newFolder/frontend/src/views/RegistrationView.vue",
      "sourceRoot": "",
      "sourcesContent": [
        "<template>\r\n    <body>\r\n        <h1>Registration</h1>\r\n        <form class=\"register-form\" @submit.prevent=\"handleSubmit\">\r\n            <li v-for=\"(val, index) in errors\" :key=\"val.id\">\r\n                {{index}}: {{ val[0] }} \r\n            </li>\r\n            <input type=\"email\" class=\"register-email\" placeholder=\"Email\" required v-model=\"email\"/>\r\n            <input type=\"username\" class=\"register-username\" placeholder=\"Username\" required v-model=\"username\"/>\r\n            <input type=\"password\" class=\"register-password\" placeholder=\"Password\" required v-model=\"password\"/>\r\n            <input type=\"fullname\" class=\"register-fullname\" placeholder=\"Full Name\" required v-model=\"full_name\"/>\r\n            <label>Birth Date:<input type=\"date\" class=\"register-birthdate\" placeholder=\"Birth Date\" required v-model=\"birth_date\"/>\r\n            </label>\r\n            <select type=\"gender\" class=\"register-select\" required v-model=\"gender\">\r\n                <option disable value=\"\">Gender</option>\r\n                <option value=\"M\">Male</option>\r\n                <option value=\"F\">Female</option>\r\n            </select>\r\n            <div class=\"submit\">\r\n                <button class=\"register-btn\">Create Account</button>\r\n            </div>\r\n        </form>\r\n    </body>\r\n</template>\r\n\r\n\r\n<script>\r\nimport {getAPI} from '../api'\r\n\r\nexport default {\r\n    data() {\r\n        return {\r\n            email: \"\",\r\n            username: \"\",\r\n            password: \"\",\r\n            full_name: \"\",\r\n            birth_date: \"\",\r\n            gender: \"\",\r\n            errors: {},\r\n        }\r\n    },\r\n\r\n    methods: {\r\n        handleSubmit() {\r\n            getAPI.post('/api/register/', {\r\n                email: this.email,\r\n                username: this.username,\r\n                password: this.password,\r\n                full_name: this.full_name,\r\n                birth_date: this.birth_date,\r\n                gender: this.gender,\r\n            })\r\n\r\n        }\r\n    }\r\n}\r\n</script>\r\n\r\n<style scoped>\r\ninput{\r\n\tbackground: #e0dede;\r\n\tjustify-content: center;\r\n\tdisplay: flex;\r\n\tmargin: 20px;\r\n\tpadding: 10px;\r\n\tborder: none;\r\n\tborder-radius: 5px;\r\n}\r\n\r\nlabel{\r\n\tmargin: 20px;\r\n\tpadding: 10px;\r\n}\r\n\r\nbutton {\r\n    background-color: #28A484;\r\n    border-radius: 8px;\r\n    margin: 20px;\r\n    padding: 10px;\r\n    color: #FFF;\r\n    display: flex;\r\n    text-align: center;\r\n}\r\n</style>"
      ]
    },
    "_coverageSchema": "1a1c01bbd47fc00a2c39e90264f33305004495a9",
    "hash": "c7af66205e6b7e160b30a38695fabb40f5781c07"
  },
  "C:\\Users\\vovix\\Desktop\\Folder_1\\Univ\\Xsm\\vuejsLab\\newFolder\\frontend\\src\\views\\ProfileView.vue": {
    "path": "C:\\Users\\vovix\\Desktop\\Folder_1\\Univ\\Xsm\\vuejsLab\\newFolder\\frontend\\src\\views\\ProfileView.vue",
    "statementMap": {
      "0": {
        "start": {
          "line": 6,
          "column": 4
        },
        "end": {
          "line": 8,
          "column": 5
        }
      },
      "1": {
        "start": {
          "line": 12,
          "column": 4
        },
        "end": {
          "line": 12,
          "column": 25
        }
      },
      "2": {
        "start": {
          "line": 17,
          "column": 6
        },
        "end": {
          "line": 23,
          "column": 7
        }
      },
      "3": {
        "start": {
          "line": 20,
          "column": 8
        },
        "end": {
          "line": 22,
          "column": 55
        }
      },
      "4": {
        "start": {
          "line": 22,
          "column": 24
        },
        "end": {
          "line": 22,
          "column": 54
        }
      }
    },
    "fnMap": {
      "0": {
        "name": "(anonymous_0)",
        "decl": {
          "start": {
            "line": 5,
            "column": 2
          },
          "end": {
            "line": 5,
            "column": 3
          }
        },
        "loc": {
          "start": {
            "line": 5,
            "column": 10
          },
          "end": {
            "line": 9,
            "column": 3
          }
        },
        "line": 5
      },
      "1": {
        "name": "(anonymous_1)",
        "decl": {
          "start": {
            "line": 11,
            "column": 2
          },
          "end": {
            "line": 11,
            "column": 3
          }
        },
        "loc": {
          "start": {
            "line": 11,
            "column": 12
          },
          "end": {
            "line": 13,
            "column": 3
          }
        },
        "line": 11
      },
      "2": {
        "name": "(anonymous_2)",
        "decl": {
          "start": {
            "line": 16,
            "column": 4
          },
          "end": {
            "line": 16,
            "column": 5
          }
        },
        "loc": {
          "start": {
            "line": 16,
            "column": 21
          },
          "end": {
            "line": 24,
            "column": 5
          }
        },
        "line": 16
      },
      "3": {
        "name": "(anonymous_3)",
        "decl": {
          "start": {
            "line": 22,
            "column": 12
          },
          "end": {
            "line": 22,
            "column": 13
          }
        },
        "loc": {
          "start": {
            "line": 22,
            "column": 24
          },
          "end": {
            "line": 22,
            "column": 54
          }
        },
        "line": 22
      }
    },
    "branchMap": {
      "0": {
        "loc": {
          "start": {
            "line": 17,
            "column": 6
          },
          "end": {
            "line": 23,
            "column": 7
          }
        },
        "type": "if",
        "locations": [
          {
            "start": {
              "line": 17,
              "column": 6
            },
            "end": {
              "line": 23,
              "column": 7
            }
          },
          {
            "start": {
              "line": 19,
              "column": 11
            },
            "end": {
              "line": 23,
              "column": 7
            }
          }
        ],
        "line": 17
      }
    },
    "s": {
      "0": 18,
      "1": 18,
      "2": 18,
      "3": 0,
      "4": 0
    },
    "f": {
      "0": 18,
      "1": 18,
      "2": 18,
      "3": 0
    },
    "b": {
      "0": [
        18,
        0
      ]
    },
    "inputSourceMap": {
      "version": 3,
      "sources": [
        "C:\\Users\\vovix\\Desktop\\Folder_1\\Univ\\Xsm\\vuejsLab\\newFolder\\frontend\\src\\views\\ProfileView.vue"
      ],
      "names": [],
      "mappings": ";AA6BA,CAAC,CAAC,CAAC,CAAC,CAAC,EAAE,CAAC,CAAC,CAAC,CAAC,CAAC,CAAC,CAAC,EAAE,CAAC,CAAC,CAAC,EAAE,CAAC,CAAC,CAAC,CAAC,CAAC,CAAC,CAAC;;AAE5B,CAAC,CAAC,CAAC,CAAC,CAAC,EAAE,CAAC,CAAC,CAAC,CAAC,CAAC,CAAC,EAAE;EACb,CAAC,CAAC,CAAC,EAAE,CAAC,EAAE;IACN,CAAC,CAAC,CAAC,CAAC,CAAC,EAAE;MACL,CAAC,CAAC,CAAC,CAAC,CAAC,CAAC,CAAC,CAAC,CAAC,EAAE,CAAC,CAAC;IACf;EACF,CAAC;;EAED,CAAC,CAAC,CAAC,CAAC,CAAC,CAAC,EAAE,CAAC,CAAC;IACR,CAAC,CAAC,CAAC,CAAC,CAAC,CAAC,CAAC,CAAC,CAAC,CAAC,CAAC,CAAC,CAAC,CAAC,CAAC,CAAC,CAAC,CAAC,CAAC,CAAC;EACtB,CAAC;;EAED,CAAC,CAAC,CAAC,CAAC,CAAC,CAAC,CAAC,EAAE;IACP,CAAC,CAAC,CAAC,CAAC,CAAC,CAAC,CAAC,CAAC,CAAC,CAAC,CAAC,CAAC,EAAE,CAAC,EAAE;MACf,CAAC,EAAE,CAAC,CAAC,CAAC,CAAC,CAAC,CAAC,CAAC,CAAC,CAAC,CAAC,CAAC,CAAC,CAAC,CAAC,CAAC,CAAC,CAAC,CAAC,CAAC,CAAC,CAAC,CAAC,CAAC,CAAC,CAAC,CAAC,CAAC,CAAC,CAAC,CAAC,CAAC,CAAC,EAAE;KACtC,CAAC,EAAE,CAAC,CAAC,CAAC,CAAC,CAAC,CAAC,CAAC,CAAC,CAAC,CAAC,CAAC,CAAC,CAAC,CAAC,CAAC,CAAC,CAAC,CAAC,CAAC,CAAC,CAAC,CAAC,CAAC,EAAE,CAAC,CAAC,CAAC,CAAC,CAAC,CAAC,CAAC,CAAC;IACrC,EAAE,CAAC,CAAC,CAAC,EAAE;QACH,CAAC,CAAC,CAAC,CAAC,CAAC,CAAC,CAAC,CAAC,CAAC,CAAC,CAAC,CAAC,CAAC,CAAC,CAAC,CAAC,CAAC,CAAC,CAAC;QACnB,EAAE,CAAC,CAAC,CAAC,CAAC,CAAC,CAAC,CAAC,EAAE,EAAE,CAAC,CAAC,CAAC,CAAC,CAAC,CAAC,CAAC,CAAC,CAAC,CAAC,CAAC,CAAC,CAAC,EAAE,CAAC,CAAC,CAAC,CAAC,CAAC,CAAC,EAAE,CAAC,CAAC,CAAC,CAAC,CAAC,CAAC,CAAC,CAAC,CAAC,CAAC,CAAC,CAAC,CAAC,CAAC,CAAC,CAAC,CAAC,CAAC,CAAC,CAAC,CAAC,CAAC,CAAC,CAAC,CAAC,CAAC,CAAC,CAAC,CAAC,CAAC,CAAC,CAAC,EAAE,EAAE,CAAC;MAC3E,CAAC,CAAC,CAAC,CAAC,CAAC,CAAC,CAAC,CAAC,CAAC,CAAC,CAAC,CAAC,CAAC,EAAE,CAAC,EAAE,CAAC,CAAC,CAAC,CAAC,CAAC,CAAC,CAAC,CAAC,CAAC,CAAC,CAAC,CAAC,CAAC,EAAE,EAAE,CAAC,CAAC,CAAC,CAAC,CAAC,CAAC,CAAC,CAAC,CAAC,CAAC,CAAC,CAAC,CAAC;MAChD;IACF;EACF;AACF",
      "file": "C:/Users/vovix/Desktop/Folder_1/Univ/Xsm/vuejsLab/newFolder/frontend/src/views/ProfileView.vue",
      "sourceRoot": "",
      "sourcesContent": [
        "<template>\r\n    <body>\r\n        <h1>Profile</h1>\r\n        <table class=\"profile-table\">\r\n            <tr>\r\n            <th>Email:</th>\r\n            <td>{{user_info.email}}</td>\r\n            </tr>\r\n            <tr>\r\n            <th>Username:</th>\r\n            <td>{{user_info.username}}</td>\r\n            </tr>\r\n            <tr>\r\n            <th>Full Name:</th>\r\n            <td>{{user_info.full_name}}</td>\r\n            </tr>\r\n            <tr>\r\n            <th>Gender:</th>\r\n            <td>{{user_info.gender}}</td>\r\n            </tr>\r\n            <tr>\r\n            <th>Birth Date:</th>\r\n            <td>{{user_info.birth_date}}</td>\r\n            </tr>\r\n        </table>\r\n  </body>\r\n</template>\r\n\r\n<script>\r\nimport {getAPI} from '../api'\r\n\r\nexport default {\r\n  data () {\r\n    return {\r\n      user_info: \"\",\r\n    }\r\n  },\r\n  \r\n  mounted (){\r\n    this.get_UserInfor();\r\n  },\r\n\r\n  methods: {\r\n    get_UserInfor () {\r\n      if (!this.$store.getters.authorized) {\r\n     // this.$router.push({name: \"LogIn\"})\r\n    } else {\r\n        getAPI('/api/user/',\r\n        { headers: { Authorization: `Bearer ${this.$store.state.accessToken}` } })\r\n      .then(response => this.user_info = response.data) \r\n      }\r\n    }\r\n  }\r\n}\r\n\r\n</script>\r\n\r\n<style scoped>\r\ntable {\r\n  border-collapse: collapse;\r\n  width: 100%;\r\n}\r\n\r\nth, td {\r\n  padding: 8px;\r\n  text-align: left;\r\n  border-bottom: 1px solid #ddd;\r\n}\r\nth {\r\n  width: 100px;\r\n}\r\n</style>"
      ]
    },
    "_coverageSchema": "1a1c01bbd47fc00a2c39e90264f33305004495a9",
    "hash": "2da000ea52579590aecf95d2f3cf5ecc61603d1f"
  },
  "C:\\Users\\vovix\\Desktop\\Folder_1\\Univ\\Xsm\\vuejsLab\\newFolder\\frontend\\src\\views\\AboutView.vue": {
    "path": "C:\\Users\\vovix\\Desktop\\Folder_1\\Univ\\Xsm\\vuejsLab\\newFolder\\frontend\\src\\views\\AboutView.vue",
    "statementMap": {
      "0": {
        "start": {
          "line": 5,
          "column": 32
        },
        "end": {
          "line": 5,
          "column": 90
        }
      },
      "1": {
        "start": {
          "line": 6,
          "column": 32
        },
        "end": {
          "line": 6,
          "column": 103
        }
      },
      "2": {
        "start": {
          "line": 7,
          "column": 32
        },
        "end": {
          "line": 7,
          "column": 491
        }
      },
      "3": {
        "start": {
          "line": 8,
          "column": 32
        },
        "end": {
          "line": 8,
          "column": 114
        }
      },
      "4": {
        "start": {
          "line": 9,
          "column": 19
        },
        "end": {
          "line": 14,
          "column": 1
        }
      },
      "5": {
        "start": {
          "line": 17,
          "column": 2
        },
        "end": {
          "line": 17,
          "column": 70
        }
      }
    },
    "fnMap": {
      "0": {
        "name": "render",
        "decl": {
          "start": {
            "line": 16,
            "column": 16
          },
          "end": {
            "line": 16,
            "column": 22
          }
        },
        "loc": {
          "start": {
            "line": 16,
            "column": 37
          },
          "end": {
            "line": 18,
            "column": 1
          }
        },
        "line": 16
      }
    },
    "branchMap": {},
    "s": {
      "0": 486,
      "1": 486,
      "2": 486,
      "3": 486,
      "4": 486,
      "5": 72
    },
    "f": {
      "0": 72
    },
    "b": {},
    "inputSourceMap": {
      "version": 3,
      "sources": [
        "C:\\Users\\vovix\\Desktop\\Folder_1\\Univ\\Xsm\\vuejsLab\\newFolder\\frontend\\src\\views\\AboutView.vue"
      ],
      "names": [],
      "mappings": ";OAGS,UAAwB;;;gCAD7B,oBAAc,YAAV,OAAK;gCACT,oBAA8B,SAAzB,GAAwB,EAAxB,UAAwB;gCAC7B,oBAKI,WALD,yZAKH;gCACA,oBAAsC,YAAlC,+BAA6B;;EARjC,UAAc;EACd,UAA8B;EAC9B,UAKI;EACJ,UAAsC;;;;wBATxC,oBAUO",
      "file": "C:/Users/vovix/Desktop/Folder_1/Univ/Xsm/vuejsLab/newFolder/frontend/src/views/AboutView.vue",
      "sourceRoot": "",
      "sourcesContent": [
        "<template>\r\n  <body>\r\n    <h1>About</h1>\r\n    <img src=\"../assets/logo.png\">\r\n    <p>\r\n        Гра (додаток) в жанрі кліккер. Управління відбувається шляхом натискання клавіш клавіатури. Реалізована\r\n        можливість гри для сенсорних дисплеїв смартфонів чи планшетів шляхом додавання кнопки, при натисканні \r\n        на яку набираються очки. Реалізована таблиця лідерів. Для можливості грати та збереження прогресу, \r\n        тобто данних, які в подальшому будуть відображатись в таблиці лідерів, необхідно бути авторизованим.\r\n    </p>\r\n    <h5>Виконав: Бербега В.О. КВ-11мп</h5>\r\n  </body>\r\n</template>\r\n"
      ]
    },
    "_coverageSchema": "1a1c01bbd47fc00a2c39e90264f33305004495a9",
    "hash": "23e868f08c7155e7df6717b3ab518ead07ae74e1"
  },
  "C:\\Users\\vovix\\Desktop\\Folder_1\\Univ\\Xsm\\vuejsLab\\newFolder\\frontend\\src\\router\\index.js": {
    "path": "C:\\Users\\vovix\\Desktop\\Folder_1\\Univ\\Xsm\\vuejsLab\\newFolder\\frontend\\src\\router\\index.js",
    "statementMap": {
      "0": {
        "start": {
          "line": 11,
          "column": 15
        },
        "end": {
          "line": 53,
          "column": 1
        }
      },
      "1": {
        "start": {
          "line": 55,
          "column": 15
        },
        "end": {
          "line": 58,
          "column": 2
        }
      }
    },
    "fnMap": {},
    "branchMap": {},
    "s": {
      "0": 486,
      "1": 486
    },
    "f": {},
    "b": {},
    "_coverageSchema": "1a1c01bbd47fc00a2c39e90264f33305004495a9",
    "hash": "f4b610e312b664c6247bbecd248508a55395fedc"
  },
  "C:\\Users\\vovix\\Desktop\\Folder_1\\Univ\\Xsm\\vuejsLab\\newFolder\\frontend\\src\\main.js": {
    "path": "C:\\Users\\vovix\\Desktop\\Folder_1\\Univ\\Xsm\\vuejsLab\\newFolder\\frontend\\src\\main.js",
    "statementMap": {
      "0": {
        "start": {
          "line": 6,
          "column": 0
        },
        "end": {
          "line": 6,
          "column": 51
        }
      }
    },
    "fnMap": {},
    "branchMap": {},
    "s": {
      "0": 486
    },
    "f": {},
    "b": {},
    "_coverageSchema": "1a1c01bbd47fc00a2c39e90264f33305004495a9",
    "hash": "bba0e208e2d777a0d2617a42c8c3c582a4c06b61"
  }
}